TN:
SF:src/index.tsx
FNF:0
FNH:0
DA:6,0
DA:9,0
LF:2
LH:0
BRF:0
BRH:0
end_of_record
TN:
SF:src/main.tsx
FNF:0
FNH:0
DA:7,0
DA:9,0
LF:2
LH:0
BRF:0
BRH:0
end_of_record
TN:
SF:src/components/ErrorBoundary.tsx
FN:21,(anonymous_0)
FN:26,(anonymous_1)
FN:31,(anonymous_2)
FN:49,(anonymous_3)
FN:53,(anonymous_4)
FN:57,(anonymous_5)
FN:127,withErrorBoundary
FN:132,(anonymous_7)
FN:148,(anonymous_8)
FN:151,(anonymous_9)
FN:152,(anonymous_10)
FN:157,(anonymous_11)
FN:164,(anonymous_12)
FNF:13
FNH:0
FNDA:0,(anonymous_0)
FNDA:0,(anonymous_1)
FNDA:0,(anonymous_2)
FNDA:0,(anonymous_3)
FNDA:0,(anonymous_4)
FNDA:0,(anonymous_5)
FNDA:0,withErrorBoundary
FNDA:0,(anonymous_7)
FNDA:0,(anonymous_8)
FNDA:0,(anonymous_9)
FNDA:0,(anonymous_10)
FNDA:0,(anonymous_11)
FNDA:0,(anonymous_12)
DA:22,0
DA:23,0
DA:28,0
DA:33,0
DA:34,0
DA:38,0
DA:41,0
DA:44,0
DA:49,0
DA:50,0
DA:53,0
DA:54,0
DA:58,0
DA:60,0
DA:61,0
DA:65,0
DA:120,0
DA:132,0
DA:133,0
DA:138,0
DA:139,0
DA:148,0
DA:149,0
DA:151,0
DA:152,0
DA:153,0
DA:156,0
DA:157,0
DA:158,0
DA:162,0
DA:163,0
DA:164,0
DA:170,0
LF:33
LH:0
BRDA:33,0,0,0
BRDA:33,0,1,0
BRDA:44,1,0,0
BRDA:44,1,1,0
BRDA:58,2,0,0
BRDA:58,2,1,0
BRDA:60,3,0,0
BRDA:60,3,1,0
BRDA:84,4,0,0
BRDA:84,4,1,0
BRDA:84,4,2,0
BRDA:97,5,0,0
BRDA:97,5,1,0
BRDA:138,6,0,0
BRDA:138,6,1,0
BRDA:162,7,0,0
BRDA:162,7,1,0
BRF:17
BRH:0
end_of_record
TN:
SF:src/components/ProtectedRoute.tsx
FN:12,(anonymous_0)
FN:35,(anonymous_1)
FN:36,(anonymous_2)
FN:132,(anonymous_3)
FN:138,(anonymous_4)
FN:177,(anonymous_5)
FNF:6
FNH:0
FNDA:0,(anonymous_0)
FNDA:0,(anonymous_1)
FNDA:0,(anonymous_2)
FNDA:0,(anonymous_3)
FNDA:0,(anonymous_4)
FNDA:0,(anonymous_5)
DA:12,0
DA:17,0
DA:26,0
DA:27,0
DA:32,0
DA:35,0
DA:36,0
DA:37,0
DA:39,0
DA:40,0
DA:41,0
DA:42,0
DA:43,0
DA:44,0
DA:45,0
DA:48,0
DA:49,0
DA:53,0
DA:57,0
DA:58,0
DA:69,0
DA:70,0
DA:97,0
DA:98,0
DA:102,0
DA:103,0
DA:105,0
DA:132,0
DA:138,0
DA:152,0
DA:153,0
DA:178,0
DA:179,0
DA:194,0
LF:34
LH:0
BRDA:14,0,0,0
BRDA:15,1,0,0
BRDA:37,2,0,0
BRDA:37,2,1,0
BRDA:40,3,0,0
BRDA:40,3,1,0
BRDA:43,4,0,0
BRDA:43,4,1,0
BRDA:57,5,0,0
BRDA:57,5,1,0
BRDA:57,6,0,0
BRDA:57,6,1,0
BRDA:69,7,0,0
BRDA:69,7,1,0
BRDA:69,8,0,0
BRDA:69,8,1,0
BRDA:97,9,0,0
BRDA:97,9,1,0
BRDA:102,10,0,0
BRDA:102,10,1,0
BRDA:102,11,0,0
BRDA:102,11,1,0
BRDA:102,11,2,0
BRDA:103,12,0,0
BRDA:103,12,1,0
BRDA:152,13,0,0
BRDA:152,13,1,0
BRF:27
BRH:0
end_of_record
TN:
SF:src/components/analytics/KeywordExtraction.tsx
FN:37,(anonymous_0)
FN:63,(anonymous_1)
FN:102,(anonymous_2)
FN:108,(anonymous_3)
FN:113,(anonymous_4)
FN:127,(anonymous_5)
FN:129,(anonymous_6)
FN:137,(anonymous_7)
FN:139,(anonymous_8)
FN:148,(anonymous_9)
FN:150,(anonymous_10)
FN:154,(anonymous_11)
FN:157,(anonymous_12)
FN:183,(anonymous_13)
FN:187,(anonymous_14)
FN:198,(anonymous_15)
FN:211,(anonymous_16)
FN:213,(anonymous_17)
FN:234,(anonymous_18)
FN:239,(anonymous_19)
FN:287,(anonymous_20)
FN:304,(anonymous_21)
FN:353,(anonymous_22)
FN:401,(anonymous_23)
FN:423,(anonymous_24)
FN:424,(anonymous_25)
FN:434,(anonymous_26)
FN:438,(anonymous_27)
FN:441,(anonymous_28)
FN:466,(anonymous_29)
FNF:30
FNH:0
FNDA:0,(anonymous_0)
FNDA:0,(anonymous_1)
FNDA:0,(anonymous_2)
FNDA:0,(anonymous_3)
FNDA:0,(anonymous_4)
FNDA:0,(anonymous_5)
FNDA:0,(anonymous_6)
FNDA:0,(anonymous_7)
FNDA:0,(anonymous_8)
FNDA:0,(anonymous_9)
FNDA:0,(anonymous_10)
FNDA:0,(anonymous_11)
FNDA:0,(anonymous_12)
FNDA:0,(anonymous_13)
FNDA:0,(anonymous_14)
FNDA:0,(anonymous_15)
FNDA:0,(anonymous_16)
FNDA:0,(anonymous_17)
FNDA:0,(anonymous_18)
FNDA:0,(anonymous_19)
FNDA:0,(anonymous_20)
FNDA:0,(anonymous_21)
FNDA:0,(anonymous_22)
FNDA:0,(anonymous_23)
FNDA:0,(anonymous_24)
FNDA:0,(anonymous_25)
FNDA:0,(anonymous_26)
FNDA:0,(anonymous_27)
FNDA:0,(anonymous_28)
FNDA:0,(anonymous_29)
DA:37,0
DA:38,0
DA:39,0
DA:40,0
DA:41,0
DA:42,0
DA:43,0
DA:44,0
DA:45,0
DA:48,0
DA:63,0
DA:64,0
DA:65,0
DA:66,0
DA:69,0
DA:70,0
DA:72,0
DA:73,0
DA:89,0
DA:90,0
DA:93,0
DA:94,0
DA:96,0
DA:98,0
DA:102,0
DA:103,0
DA:104,0
DA:105,0
DA:108,0
DA:109,0
DA:111,0
DA:114,0
DA:118,0
DA:119,0
DA:120,0
DA:121,0
DA:122,0
DA:123,0
DA:124,0
DA:127,0
DA:128,0
DA:129,0
DA:137,0
DA:138,0
DA:139,0
DA:148,0
DA:150,0
DA:154,0
DA:155,0
DA:157,0
DA:166,0
DA:167,0
DA:168,0
DA:169,0
DA:170,0
DA:180,0
DA:183,0
DA:184,0
DA:188,0
DA:198,0
DA:211,0
DA:213,0
DA:220,0
DA:235,0
DA:239,0
DA:287,0
DA:304,0
DA:353,0
DA:401,0
DA:423,0
DA:425,0
DA:435,0
DA:436,0
DA:439,0
DA:442,0
DA:467,0
LF:76
LH:0
BRDA:64,0,0,0
BRDA:64,0,1,0
BRDA:89,1,0,0
BRDA:89,1,1,0
BRDA:96,2,0,0
BRDA:96,2,1,0
BRDA:109,3,0,0
BRDA:109,3,1,0
BRDA:114,4,0,0
BRDA:114,4,1,0
BRDA:128,5,0,0
BRDA:128,5,1,0
BRDA:138,6,0,0
BRDA:138,6,1,0
BRDA:155,7,0,0
BRDA:155,7,1,0
BRDA:169,8,0,0
BRDA:169,8,1,0
BRDA:191,9,0,0
BRDA:191,9,1,0
BRDA:196,10,0,0
BRDA:196,10,1,0
BRDA:199,11,0,0
BRDA:199,11,1,0
BRDA:207,12,0,0
BRDA:207,12,1,0
BRDA:296,13,0,0
BRDA:296,13,1,0
BRDA:299,14,0,0
BRDA:299,14,1,0
BRDA:307,15,0,0
BRDA:307,15,1,0
BRDA:311,16,0,0
BRDA:311,16,1,0
BRDA:320,17,0,0
BRDA:320,17,1,0
BRDA:402,18,0,0
BRDA:402,18,1,0
BRDA:403,19,0,0
BRDA:403,19,1,0
BRDA:414,20,0,0
BRDA:414,20,1,0
BRDA:474,21,0,0
BRDA:474,21,1,0
BRF:44
BRH:0
end_of_record
TN:
SF:src/components/analytics/NLPAnalysisHub.tsx
FN:41,(anonymous_0)
FN:56,(anonymous_1)
FN:60,(anonymous_2)
FN:62,(anonymous_3)
FN:67,(anonymous_4)
FN:73,(anonymous_5)
FN:75,(anonymous_6)
FN:81,(anonymous_7)
FN:82,(anonymous_8)
FN:88,(anonymous_9)
FN:101,(anonymous_10)
FN:101,(anonymous_11)
FN:129,(anonymous_12)
FN:129,(anonymous_13)
FN:140,(anonymous_14)
FN:140,(anonymous_15)
FN:151,(anonymous_16)
FN:160,(anonymous_17)
FN:161,(anonymous_18)
FN:176,(anonymous_19)
FN:191,(anonymous_20)
FN:191,(anonymous_21)
FN:203,(anonymous_22)
FN:208,(anonymous_23)
FN:210,(anonymous_24)
FN:216,(anonymous_25)
FN:222,(anonymous_26)
FN:235,(anonymous_27)
FN:236,(anonymous_28)
FN:265,(anonymous_29)
FN:277,(anonymous_30)
FN:311,(anonymous_31)
FN:329,(anonymous_32)
FN:335,(anonymous_33)
FN:344,(anonymous_34)
FN:360,(anonymous_35)
FN:366,(anonymous_36)
FN:404,(anonymous_37)
FN:406,(anonymous_38)
FN:432,(anonymous_39)
FN:475,(anonymous_40)
FNF:41
FNH:0
FNDA:0,(anonymous_0)
FNDA:0,(anonymous_1)
FNDA:0,(anonymous_2)
FNDA:0,(anonymous_3)
FNDA:0,(anonymous_4)
FNDA:0,(anonymous_5)
FNDA:0,(anonymous_6)
FNDA:0,(anonymous_7)
FNDA:0,(anonymous_8)
FNDA:0,(anonymous_9)
FNDA:0,(anonymous_10)
FNDA:0,(anonymous_11)
FNDA:0,(anonymous_12)
FNDA:0,(anonymous_13)
FNDA:0,(anonymous_14)
FNDA:0,(anonymous_15)
FNDA:0,(anonymous_16)
FNDA:0,(anonymous_17)
FNDA:0,(anonymous_18)
FNDA:0,(anonymous_19)
FNDA:0,(anonymous_20)
FNDA:0,(anonymous_21)
FNDA:0,(anonymous_22)
FNDA:0,(anonymous_23)
FNDA:0,(anonymous_24)
FNDA:0,(anonymous_25)
FNDA:0,(anonymous_26)
FNDA:0,(anonymous_27)
FNDA:0,(anonymous_28)
FNDA:0,(anonymous_29)
FNDA:0,(anonymous_30)
FNDA:0,(anonymous_31)
FNDA:0,(anonymous_32)
FNDA:0,(anonymous_33)
FNDA:0,(anonymous_34)
FNDA:0,(anonymous_35)
FNDA:0,(anonymous_36)
FNDA:0,(anonymous_37)
FNDA:0,(anonymous_38)
FNDA:0,(anonymous_39)
FNDA:0,(anonymous_40)
DA:41,0
DA:42,0
DA:43,0
DA:44,0
DA:45,0
DA:46,0
DA:47,0
DA:48,0
DA:50,0
DA:56,0
DA:57,0
DA:60,0
DA:61,0
DA:62,0
DA:63,0
DA:67,0
DA:68,0
DA:69,0
DA:70,0
DA:73,0
DA:74,0
DA:75,0
DA:77,0
DA:81,0
DA:82,0
DA:83,0
DA:85,0
DA:86,0
DA:88,0
DA:94,0
DA:96,0
DA:97,0
DA:98,0
DA:101,0
DA:102,0
DA:105,0
DA:107,0
DA:108,0
DA:121,0
DA:122,0
DA:125,0
DA:126,0
DA:129,0
DA:130,0
DA:140,0
DA:141,0
DA:150,0
DA:151,0
DA:155,0
DA:156,0
DA:160,0
DA:161,0
DA:162,0
DA:169,0
DA:170,0
DA:171,0
DA:172,0
DA:175,0
DA:176,0
DA:177,0
DA:180,0
DA:181,0
DA:182,0
DA:185,0
DA:188,0
DA:189,0
DA:191,0
DA:194,0
DA:195,0
DA:196,0
DA:197,0
DA:198,0
DA:199,0
DA:200,0
DA:203,0
DA:204,0
DA:205,0
DA:207,0
DA:208,0
DA:209,0
DA:210,0
DA:211,0
DA:213,0
DA:216,0
DA:217,0
DA:218,0
DA:219,0
DA:222,0
DA:223,0
DA:225,0
DA:227,0
DA:229,0
DA:231,0
DA:235,0
DA:236,0
DA:237,0
DA:239,0
DA:266,0
DA:267,0
DA:269,0
DA:277,0
DA:311,0
DA:330,0
DA:335,0
DA:344,0
DA:360,0
DA:366,0
DA:404,0
DA:406,0
DA:433,0
DA:475,0
LF:111
LH:0
BRDA:61,0,0,0
BRDA:61,0,1,0
BRDA:74,1,0,0
BRDA:74,1,1,0
BRDA:83,2,0,0
BRDA:83,2,1,0
BRDA:83,3,0,0
BRDA:83,3,1,0
BRDA:102,4,0,0
BRDA:102,4,1,0
BRDA:121,5,0,0
BRDA:121,5,1,0
BRDA:130,6,0,0
BRDA:130,6,1,0
BRDA:141,7,0,0
BRDA:141,7,1,0
BRDA:144,8,0,0
BRDA:144,8,1,0
BRDA:150,9,0,0
BRDA:150,9,1,0
BRDA:164,10,0,0
BRDA:164,10,1,0
BRDA:166,11,0,0
BRDA:166,11,1,0
BRDA:169,12,0,0
BRDA:169,12,1,0
BRDA:175,13,0,0
BRDA:175,13,1,0
BRDA:180,14,0,0
BRDA:180,14,1,0
BRDA:188,15,0,0
BRDA:188,15,1,0
BRDA:191,16,0,0
BRDA:191,16,1,0
BRDA:205,17,0,0
BRDA:205,17,1,0
BRDA:211,18,0,0
BRDA:211,18,1,0
BRDA:223,19,0,0
BRDA:223,19,1,0
BRDA:223,19,2,0
BRDA:223,19,3,0
BRDA:237,20,0,0
BRDA:237,20,1,0
BRDA:273,21,0,0
BRDA:273,21,1,0
BRDA:280,22,0,0
BRDA:280,22,1,0
BRDA:282,23,0,0
BRDA:282,23,1,0
BRDA:340,24,0,0
BRDA:340,24,1,0
BRDA:360,25,0,0
BRDA:360,25,1,0
BRDA:360,25,2,0
BRDA:363,26,0,0
BRDA:363,26,1,0
BRDA:385,27,0,0
BRDA:385,27,1,0
BRDA:398,28,0,0
BRDA:398,28,1,0
BRDA:413,29,0,0
BRDA:413,29,1,0
BRDA:422,30,0,0
BRDA:422,30,1,0
BRDA:438,31,0,0
BRDA:438,31,1,0
BRDA:444,32,0,0
BRDA:444,32,1,0
BRDA:444,33,0,0
BRDA:444,33,1,0
BRDA:451,34,0,0
BRDA:451,34,1,0
BRDA:454,35,0,0
BRDA:454,35,1,0
BRDA:454,35,2,0
BRDA:460,36,0,0
BRDA:460,36,1,0
BRDA:462,37,0,0
BRDA:462,37,1,0
BRDA:471,38,0,0
BRDA:471,38,1,0
BRDA:479,39,0,0
BRDA:479,39,1,0
BRF:84
BRH:0
end_of_record
TN:
SF:src/components/analytics/SentimentAnalysis.tsx
FN:30,(anonymous_0)
FN:38,(anonymous_1)
FN:39,(anonymous_2)
FN:53,(anonymous_3)
FN:89,(anonymous_4)
FN:100,(anonymous_5)
FN:111,(anonymous_6)
FN:115,(anonymous_7)
FN:116,(anonymous_8)
FN:144,(anonymous_9)
FN:247,(anonymous_10)
FN:250,(anonymous_11)
FNF:12
FNH:0
FNDA:0,(anonymous_0)
FNDA:0,(anonymous_1)
FNDA:0,(anonymous_2)
FNDA:0,(anonymous_3)
FNDA:0,(anonymous_4)
FNDA:0,(anonymous_5)
FNDA:0,(anonymous_6)
FNDA:0,(anonymous_7)
FNDA:0,(anonymous_8)
FNDA:0,(anonymous_9)
FNDA:0,(anonymous_10)
FNDA:0,(anonymous_11)
DA:30,0
DA:31,0
DA:32,0
DA:33,0
DA:34,0
DA:35,0
DA:38,0
DA:39,0
DA:40,0
DA:42,0
DA:43,0
DA:45,0
DA:46,0
DA:50,0
DA:53,0
DA:54,0
DA:55,0
DA:56,0
DA:59,0
DA:60,0
DA:62,0
DA:63,0
DA:76,0
DA:77,0
DA:80,0
DA:81,0
DA:83,0
DA:85,0
DA:89,0
DA:90,0
DA:92,0
DA:94,0
DA:96,0
DA:100,0
DA:101,0
DA:103,0
DA:105,0
DA:107,0
DA:111,0
DA:112,0
DA:115,0
DA:116,0
DA:125,0
DA:144,0
DA:248,0
DA:251,0
LF:46
LH:0
BRDA:54,0,0,0
BRDA:54,0,1,0
BRDA:76,1,0,0
BRDA:76,1,1,0
BRDA:83,2,0,0
BRDA:83,2,1,0
BRDA:90,3,0,0
BRDA:90,3,1,0
BRDA:90,3,2,0
BRDA:101,4,0,0
BRDA:101,4,1,0
BRDA:101,4,2,0
BRDA:152,5,0,0
BRDA:152,5,1,0
BRDA:155,6,0,0
BRDA:155,6,1,0
BRDA:158,7,0,0
BRDA:158,7,1,0
BRDA:167,8,0,0
BRDA:167,8,1,0
BRF:20
BRH:0
end_of_record
TN:
SF:src/components/analytics/TextSimilarity.tsx
FN:27,(anonymous_0)
FN:35,(anonymous_1)
FN:73,(anonymous_2)
FN:81,(anonymous_3)
FN:83,(anonymous_4)
FN:87,(anonymous_5)
FN:91,(anonymous_6)
FN:106,(anonymous_7)
FN:152,(anonymous_8)
FN:167,(anonymous_9)
FN:259,(anonymous_10)
FNF:11
FNH:0
FNDA:0,(anonymous_0)
FNDA:0,(anonymous_1)
FNDA:0,(anonymous_2)
FNDA:0,(anonymous_3)
FNDA:0,(anonymous_4)
FNDA:0,(anonymous_5)
FNDA:0,(anonymous_6)
FNDA:0,(anonymous_7)
FNDA:0,(anonymous_8)
FNDA:0,(anonymous_9)
FNDA:0,(anonymous_10)
DA:27,0
DA:28,0
DA:29,0
DA:30,0
DA:31,0
DA:32,0
DA:33,0
DA:35,0
DA:36,0
DA:37,0
DA:38,0
DA:41,0
DA:42,0
DA:44,0
DA:45,0
DA:60,0
DA:61,0
DA:64,0
DA:65,0
DA:67,0
DA:69,0
DA:73,0
DA:74,0
DA:75,0
DA:76,0
DA:77,0
DA:78,0
DA:81,0
DA:83,0
DA:84,0
DA:86,0
DA:87,0
DA:88,0
DA:91,0
DA:92,0
DA:93,0
DA:95,0
DA:96,0
DA:97,0
DA:98,0
DA:99,0
DA:103,0
DA:106,0
DA:107,0
DA:108,0
DA:109,0
DA:110,0
DA:113,0
DA:152,0
DA:167,0
DA:260,0
LF:51
LH:0
BRDA:36,0,0,0
BRDA:36,0,1,0
BRDA:36,1,0,0
BRDA:36,1,1,0
BRDA:60,2,0,0
BRDA:60,2,1,0
BRDA:67,3,0,0
BRDA:67,3,1,0
BRDA:74,4,0,0
BRDA:74,4,1,0
BRDA:75,5,0,0
BRDA:75,5,1,0
BRDA:76,6,0,0
BRDA:76,6,1,0
BRDA:77,7,0,0
BRDA:77,7,1,0
BRDA:84,8,0,0
BRDA:84,8,1,0
BRDA:84,9,0,0
BRDA:84,9,1,0
BRDA:88,10,0,0
BRDA:88,10,1,0
BRDA:88,11,0,0
BRDA:88,11,1,0
BRDA:92,12,0,0
BRDA:92,12,1,0
BRDA:93,13,0,0
BRDA:93,13,1,0
BRDA:95,14,0,0
BRDA:95,14,1,0
BRDA:95,15,0,0
BRDA:95,15,1,0
BRDA:177,16,0,0
BRDA:177,16,1,0
BRDA:177,16,2,0
BRDA:180,17,0,0
BRDA:180,17,1,0
BRDA:191,18,0,0
BRDA:191,18,1,0
BRDA:200,19,0,0
BRDA:200,19,1,0
BRDA:212,20,0,0
BRDA:212,20,1,0
BRDA:231,21,0,0
BRDA:231,21,1,0
BRDA:254,22,0,0
BRDA:254,22,1,0
BRDA:254,22,2,0
BRDA:284,23,0,0
BRDA:284,23,1,0
BRDA:323,24,0,0
BRDA:323,24,1,0
BRDA:324,25,0,0
BRDA:324,25,1,0
BRF:54
BRH:0
end_of_record
TN:
SF:src/components/analytics/TopPostsTable.tsx
FN:32,(anonymous_0)
FN:48,(anonymous_1)
FN:62,(anonymous_2)
FN:67,(anonymous_3)
FN:77,(anonymous_4)
FN:90,(anonymous_5)
FN:120,(anonymous_6)
FN:140,(anonymous_7)
FN:148,(anonymous_8)
FN:156,(anonymous_9)
FN:164,(anonymous_10)
FN:200,(anonymous_11)
FN:217,(anonymous_12)
FN:259,(anonymous_13)
FNF:14
FNH:0
FNDA:0,(anonymous_0)
FNDA:0,(anonymous_1)
FNDA:0,(anonymous_2)
FNDA:0,(anonymous_3)
FNDA:0,(anonymous_4)
FNDA:0,(anonymous_5)
FNDA:0,(anonymous_6)
FNDA:0,(anonymous_7)
FNDA:0,(anonymous_8)
FNDA:0,(anonymous_9)
FNDA:0,(anonymous_10)
FNDA:0,(anonymous_11)
FNDA:0,(anonymous_12)
FNDA:0,(anonymous_13)
DA:32,0
DA:43,0
DA:44,0
DA:47,0
DA:49,0
DA:51,0
DA:53,0
DA:55,0
DA:57,0
DA:62,0
DA:63,0
DA:64,0
DA:67,0
DA:68,0
DA:69,0
DA:77,0
DA:78,0
DA:80,0
DA:82,0
DA:84,0
DA:86,0
DA:90,0
DA:91,0
DA:93,0
DA:95,0
DA:97,0
DA:99,0
DA:103,0
DA:110,0
DA:120,0
DA:127,0
DA:140,0
DA:148,0
DA:156,0
DA:164,0
DA:201,0
DA:218,0
DA:259,0
LF:38
LH:0
BRDA:34,0,0,0
BRDA:35,1,0,0
BRDA:36,2,0,0
BRDA:38,3,0,0
BRDA:39,4,0,0
BRDA:49,5,0,0
BRDA:49,5,1,0
BRDA:49,5,2,0
BRDA:49,5,3,0
BRDA:78,6,0,0
BRDA:78,6,1,0
BRDA:78,6,2,0
BRDA:78,6,3,0
BRDA:91,7,0,0
BRDA:91,7,1,0
BRDA:91,7,2,0
BRDA:91,7,3,0
BRDA:122,8,0,0
BRDA:122,8,1,0
BRDA:186,9,0,0
BRDA:186,9,1,0
BRDA:215,10,0,0
BRDA:215,10,1,0
BRDA:222,11,0,0
BRDA:222,11,1,0
BRDA:236,12,0,0
BRDA:236,12,1,0
BRDA:238,13,0,0
BRDA:238,13,1,0
BRDA:238,14,0,0
BRDA:238,14,1,0
BRDA:246,15,0,0
BRDA:246,15,1,0
BRDA:249,16,0,0
BRDA:249,16,1,0
BRF:35
BRH:0
end_of_record
TN:
SF:src/components/analytics/index.ts
FNF:0
FNH:0
LF:0
LH:0
BRF:0
BRH:0
end_of_record
TN:
SF:src/components/billing/AddPointsDialog.tsx
FN:26,AddPointsDialog
FN:33,(anonymous_1)
FN:51,(anonymous_2)
FN:77,(anonymous_3)
FN:81,(anonymous_4)
FN:118,(anonymous_5)
FN:124,(anonymous_6)
FN:146,(anonymous_7)
FN:167,(anonymous_8)
FNF:9
FNH:0
FNDA:0,AddPointsDialog
FNDA:0,(anonymous_1)
FNDA:0,(anonymous_2)
FNDA:0,(anonymous_3)
FNDA:0,(anonymous_4)
FNDA:0,(anonymous_5)
FNDA:0,(anonymous_6)
FNDA:0,(anonymous_7)
FNDA:0,(anonymous_8)
DA:24,0
DA:27,0
DA:29,0
DA:30,0
DA:31,0
DA:33,0
DA:34,0
DA:36,0
DA:37,0
DA:38,0
DA:39,0
DA:40,0
DA:43,0
DA:44,0
DA:47,0
DA:48,0
DA:51,0
DA:52,0
DA:54,0
DA:55,0
DA:58,0
DA:59,0
DA:64,0
DA:67,0
DA:68,0
DA:69,0
DA:71,0
DA:77,0
DA:78,0
DA:81,0
DA:82,0
DA:83,0
DA:84,0
DA:87,0
DA:88,0
DA:90,0
DA:119,0
DA:124,0
DA:146,0
DA:167,0
LF:40
LH:0
BRDA:37,0,0,0
BRDA:37,0,1,0
BRDA:37,1,0,0
BRDA:37,1,1,0
BRDA:39,2,0,0
BRDA:39,2,1,0
BRDA:43,3,0,0
BRDA:43,3,1,0
BRDA:54,4,0,0
BRDA:54,4,1,0
BRDA:61,5,0,0
BRDA:61,5,1,0
BRDA:87,6,0,0
BRDA:87,6,1,0
BRDA:105,7,0,0
BRDA:105,7,1,0
BRDA:148,8,0,0
BRDA:148,8,1,0
BRDA:154,9,0,0
BRDA:154,9,1,0
BRDA:169,10,0,0
BRDA:169,10,1,0
BRDA:172,11,0,0
BRDA:172,11,1,0
BRDA:181,12,0,0
BRDA:181,12,1,0
BRDA:205,13,0,0
BRDA:205,13,1,0
BRDA:232,14,0,0
BRDA:232,14,1,0
BRDA:235,15,0,0
BRDA:235,15,1,0
BRF:32
BRH:0
end_of_record
TN:
SF:src/components/billing/PointBalanceCard.tsx
FN:24,PointBalanceCard
FN:66,(anonymous_1)
FN:80,(anonymous_2)
FN:89,(anonymous_3)
FN:210,(anonymous_4)
FNF:5
FNH:0
FNDA:0,PointBalanceCard
FNDA:0,(anonymous_1)
FNDA:0,(anonymous_2)
FNDA:0,(anonymous_3)
FNDA:0,(anonymous_4)
DA:37,0
DA:39,0
DA:40,0
DA:54,0
DA:55,0
DA:66,0
DA:77,0
DA:78,0
DA:80,0
DA:81,0
DA:82,0
DA:83,0
DA:84,0
DA:85,0
DA:89,0
DA:90,0
DA:91,0
DA:92,0
DA:93,0
DA:94,0
DA:98,0
DA:210,0
LF:22
LH:0
BRDA:39,0,0,0
BRDA:39,0,1,0
BRDA:54,1,0,0
BRDA:54,1,1,0
BRDA:81,2,0,0
BRDA:81,2,1,0
BRDA:81,2,2,0
BRDA:81,2,3,0
BRDA:90,3,0,0
BRDA:90,3,1,0
BRDA:90,3,2,0
BRDA:90,3,3,0
BRDA:101,4,0,0
BRDA:101,4,1,0
BRDA:107,5,0,0
BRDA:107,5,1,0
BRDA:157,6,0,0
BRDA:157,6,1,0
BRDA:157,6,2,0
BRDA:161,7,0,0
BRDA:161,7,1,0
BRDA:169,8,0,0
BRDA:169,8,1,0
BRDA:183,9,0,0
BRDA:183,9,1,0
BRDA:194,10,0,0
BRDA:194,10,1,0
BRF:27
BRH:0
end_of_record
TN:
SF:src/components/billing/SpendingLimitsDialog.tsx
FN:24,SpendingLimitsDialog
FN:36,(anonymous_1)
FN:48,(anonymous_2)
FN:82,(anonymous_3)
FN:102,(anonymous_4)
FN:149,(anonymous_5)
FN:188,(anonymous_6)
FN:219,(anonymous_7)
FNF:8
FNH:0
FNDA:0,SpendingLimitsDialog
FNDA:0,(anonymous_1)
FNDA:0,(anonymous_2)
FNDA:0,(anonymous_3)
FNDA:0,(anonymous_4)
FNDA:0,(anonymous_5)
FNDA:0,(anonymous_6)
FNDA:0,(anonymous_7)
DA:25,0
DA:27,0
DA:28,0
DA:29,0
DA:30,0
DA:31,0
DA:32,0
DA:33,0
DA:36,0
DA:37,0
DA:38,0
DA:39,0
DA:40,0
DA:41,0
DA:42,0
DA:43,0
DA:44,0
DA:48,0
DA:49,0
DA:51,0
DA:52,0
DA:53,0
DA:54,0
DA:58,0
DA:59,0
DA:60,0
DA:61,0
DA:65,0
DA:66,0
DA:67,0
DA:68,0
DA:69,0
DA:73,0
DA:74,0
DA:75,0
DA:78,0
DA:79,0
DA:82,0
DA:83,0
DA:85,0
DA:86,0
DA:89,0
DA:90,0
DA:95,0
DA:96,0
DA:102,0
DA:103,0
DA:104,0
DA:105,0
DA:106,0
DA:107,0
DA:108,0
DA:109,0
DA:110,0
DA:114,0
DA:149,0
DA:188,0
DA:219,0
LF:58
LH:0
BRDA:37,0,0,0
BRDA:37,0,1,0
BRDA:37,1,0,0
BRDA:37,1,1,0
BRDA:38,2,0,0
BRDA:38,2,1,0
BRDA:39,3,0,0
BRDA:39,3,1,0
BRDA:51,4,0,0
BRDA:51,4,1,0
BRDA:53,5,0,0
BRDA:53,5,1,0
BRDA:53,6,0,0
BRDA:53,6,1,0
BRDA:58,7,0,0
BRDA:58,7,1,0
BRDA:60,8,0,0
BRDA:60,8,1,0
BRDA:60,9,0,0
BRDA:60,9,1,0
BRDA:65,10,0,0
BRDA:65,10,1,0
BRDA:65,11,0,0
BRDA:65,11,1,0
BRDA:68,12,0,0
BRDA:68,12,1,0
BRDA:68,13,0,0
BRDA:68,13,1,0
BRDA:68,13,2,0
BRDA:74,14,0,0
BRDA:74,14,1,0
BRDA:74,15,0,0
BRDA:74,15,1,0
BRDA:85,16,0,0
BRDA:85,16,1,0
BRDA:91,17,0,0
BRDA:91,17,1,0
BRDA:92,18,0,0
BRDA:92,18,1,0
BRDA:103,19,0,0
BRDA:103,19,1,0
BRDA:104,20,0,0
BRDA:104,20,1,0
BRDA:105,21,0,0
BRDA:105,21,1,0
BRDA:140,22,0,0
BRDA:140,22,1,0
BRDA:151,23,0,0
BRDA:151,23,1,0
BRDA:157,24,0,0
BRDA:157,24,1,0
BRDA:179,25,0,0
BRDA:179,25,1,0
BRDA:190,26,0,0
BRDA:190,26,1,0
BRDA:196,27,0,0
BRDA:196,27,1,0
BRDA:221,28,0,0
BRDA:221,28,1,0
BRDA:227,29,0,0
BRDA:227,29,1,0
BRDA:253,30,0,0
BRDA:253,30,1,0
BRDA:263,31,0,0
BRDA:263,31,1,0
BRDA:263,31,2,0
BRDA:281,32,0,0
BRDA:281,32,1,0
BRF:68
BRH:0
end_of_record
TN:
SF:src/components/billing/TransactionHistory.tsx
FN:35,TransactionHistory
FN:48,(anonymous_1)
FN:61,(anonymous_2)
FN:75,(anonymous_3)
FN:87,(anonymous_4)
FN:105,(anonymous_5)
FN:132,(anonymous_6)
FN:142,(anonymous_7)
FN:160,(anonymous_8)
FN:181,(anonymous_9)
FN:247,(anonymous_10)
FN:257,(anonymous_11)
FNF:12
FNH:0
FNDA:0,TransactionHistory
FNDA:0,(anonymous_1)
FNDA:0,(anonymous_2)
FNDA:0,(anonymous_3)
FNDA:0,(anonymous_4)
FNDA:0,(anonymous_5)
FNDA:0,(anonymous_6)
FNDA:0,(anonymous_7)
FNDA:0,(anonymous_8)
FNDA:0,(anonymous_9)
FNDA:0,(anonymous_10)
FNDA:0,(anonymous_11)
DA:36,0
DA:37,0
DA:39,0
DA:46,0
DA:48,0
DA:49,0
DA:53,0
DA:55,0
DA:57,0
DA:61,0
DA:62,0
DA:64,0
DA:66,0
DA:69,0
DA:71,0
DA:75,0
DA:76,0
DA:77,0
DA:78,0
DA:80,0
DA:87,0
DA:88,0
DA:89,0
DA:90,0
DA:91,0
DA:95,0
DA:96,0
DA:105,0
DA:114,0
DA:132,0
DA:143,0
DA:160,0
DA:182,0
DA:247,0
DA:257,0
LF:35
LH:0
BRDA:35,0,0,0
BRDA:46,1,0,0
BRDA:46,1,1,0
BRDA:49,2,0,0
BRDA:49,2,1,0
BRDA:49,2,2,0
BRDA:49,2,3,0
BRDA:49,2,4,0
BRDA:62,3,0,0
BRDA:62,3,1,0
BRDA:62,3,2,0
BRDA:62,3,3,0
BRDA:62,3,4,0
BRDA:77,4,0,0
BRDA:77,4,1,0
BRDA:78,5,0,0
BRDA:78,5,1,0
BRDA:88,6,0,0
BRDA:88,6,1,0
BRDA:88,7,0,0
BRDA:88,7,1,0
BRDA:90,8,0,0
BRDA:90,8,1,0
BRDA:90,9,0,0
BRDA:90,9,1,0
BRDA:90,9,2,0
BRDA:95,10,0,0
BRDA:95,10,1,0
BRDA:140,11,0,0
BRDA:140,11,1,0
BRDA:153,12,0,0
BRDA:153,12,1,0
BRDA:153,13,0,0
BRDA:153,13,1,0
BRDA:157,14,0,0
BRDA:157,14,1,0
BRDA:195,15,0,0
BRDA:195,15,1,0
BRDA:197,16,0,0
BRDA:197,16,1,0
BRDA:219,17,0,0
BRDA:219,17,1,0
BRDA:258,18,0,0
BRDA:258,18,1,0
BRF:44
BRH:0
end_of_record
TN:
SF:src/components/billing/UsageAnalytics.tsx
FN:39,UsageAnalytics
FN:59,(anonymous_1)
FN:77,(anonymous_2)
FN:96,(anonymous_3)
FN:101,(anonymous_4)
FN:103,(anonymous_5)
FN:131,(anonymous_6)
FN:197,(anonymous_7)
FN:199,(anonymous_8)
FN:223,(anonymous_9)
FN:237,(anonymous_10)
FN:283,(anonymous_11)
FNF:12
FNH:0
FNDA:0,UsageAnalytics
FNDA:0,(anonymous_1)
FNDA:0,(anonymous_2)
FNDA:0,(anonymous_3)
FNDA:0,(anonymous_4)
FNDA:0,(anonymous_5)
FNDA:0,(anonymous_6)
FNDA:0,(anonymous_7)
FNDA:0,(anonymous_8)
FNDA:0,(anonymous_9)
FNDA:0,(anonymous_10)
FNDA:0,(anonymous_11)
DA:37,0
DA:40,0
DA:47,0
DA:49,0
DA:50,0
DA:59,0
DA:68,0
DA:69,0
DA:78,0
DA:91,0
DA:92,0
DA:96,0
DA:101,0
DA:103,0
DA:109,0
DA:110,0
DA:112,0
DA:131,0
DA:197,0
DA:200,0
DA:223,0
DA:238,0
DA:239,0
DA:241,0
DA:283,0
LF:25
LH:0
BRDA:49,0,0,0
BRDA:49,0,1,0
BRDA:68,1,0,0
BRDA:68,1,1,0
BRDA:91,2,0,0
BRDA:91,2,1,0
BRDA:180,3,0,0
BRDA:180,3,1,0
BRDA:224,4,0,0
BRDA:224,4,1,0
BRDA:225,5,0,0
BRDA:225,5,1,0
BRDA:273,6,0,0
BRDA:273,6,1,0
BRDA:284,7,0,0
BRDA:284,7,1,0
BRDA:285,8,0,0
BRDA:285,8,1,0
BRDA:302,9,0,0
BRDA:302,9,1,0
BRF:20
BRH:0
end_of_record
TN:
SF:src/components/billing/index.ts
FNF:0
FNH:0
LF:0
LH:0
BRF:0
BRH:0
end_of_record
TN:
SF:src/components/business-intelligence/ActionableInsights.tsx
FN:31,(anonymous_0)
FN:40,(anonymous_1)
FN:106,(anonymous_2)
FN:108,(anonymous_3)
FN:123,(anonymous_4)
FN:138,(anonymous_5)
FN:151,(anonymous_6)
FN:169,(anonymous_7)
FN:192,(anonymous_8)
FN:201,(anonymous_9)
FN:210,(anonymous_10)
FN:226,(anonymous_11)
FN:231,(anonymous_12)
FN:245,(anonymous_13)
FN:338,(anonymous_14)
FN:340,(anonymous_15)
FN:354,(anonymous_16)
FN:356,(anonymous_17)
FN:370,(anonymous_18)
FN:372,(anonymous_19)
FNF:20
FNH:0
FNDA:0,(anonymous_0)
FNDA:0,(anonymous_1)
FNDA:0,(anonymous_2)
FNDA:0,(anonymous_3)
FNDA:0,(anonymous_4)
FNDA:0,(anonymous_5)
FNDA:0,(anonymous_6)
FNDA:0,(anonymous_7)
FNDA:0,(anonymous_8)
FNDA:0,(anonymous_9)
FNDA:0,(anonymous_10)
FNDA:0,(anonymous_11)
FNDA:0,(anonymous_12)
FNDA:0,(anonymous_13)
FNDA:0,(anonymous_14)
FNDA:0,(anonymous_15)
FNDA:0,(anonymous_16)
FNDA:0,(anonymous_17)
FNDA:0,(anonymous_18)
FNDA:0,(anonymous_19)
DA:31,0
DA:37,0
DA:40,0
DA:41,0
DA:44,0
DA:45,0
DA:59,0
DA:60,0
DA:74,0
DA:87,0
DA:99,0
DA:102,0
DA:104,0
DA:106,0
DA:108,0
DA:109,0
DA:111,0
DA:113,0
DA:115,0
DA:117,0
DA:119,0
DA:123,0
DA:124,0
DA:126,0
DA:128,0
DA:130,0
DA:132,0
DA:134,0
DA:138,0
DA:139,0
DA:141,0
DA:143,0
DA:145,0
DA:147,0
DA:151,0
DA:152,0
DA:154,0
DA:156,0
DA:158,0
DA:160,0
DA:164,0
DA:165,0
DA:170,0
DA:178,0
DA:192,0
DA:201,0
DA:210,0
DA:227,0
DA:231,0
DA:246,0
DA:338,0
DA:341,0
DA:354,0
DA:357,0
DA:370,0
DA:373,0
LF:56
LH:0
BRDA:44,0,0,0
BRDA:44,0,1,0
BRDA:59,1,0,0
BRDA:59,1,1,0
BRDA:104,2,0,0
BRDA:104,2,1,0
BRDA:109,3,0,0
BRDA:109,3,1,0
BRDA:109,3,2,0
BRDA:109,3,3,0
BRDA:109,3,4,0
BRDA:124,4,0,0
BRDA:124,4,1,0
BRDA:124,4,2,0
BRDA:124,4,3,0
BRDA:124,4,4,0
BRDA:139,5,0,0
BRDA:139,5,1,0
BRDA:139,5,2,0
BRDA:139,5,3,0
BRDA:152,6,0,0
BRDA:152,6,1,0
BRDA:152,6,2,0
BRDA:152,6,3,0
BRDA:164,7,0,0
BRDA:164,7,1,0
BRDA:229,8,0,0
BRDA:229,8,1,0
BRDA:232,9,0,0
BRDA:232,9,1,0
BRDA:234,10,0,0
BRDA:234,10,1,0
BRDA:244,11,0,0
BRDA:244,11,1,0
BRDA:257,12,0,0
BRDA:257,12,1,0
BRDA:281,13,0,0
BRDA:281,13,1,0
BRDA:294,14,0,0
BRDA:294,14,1,0
BRDA:313,15,0,0
BRDA:313,15,1,0
BRDA:338,16,0,0
BRDA:338,16,1,0
BRDA:354,17,0,0
BRDA:354,17,1,0
BRF:46
BRH:0
end_of_record
TN:
SF:src/components/business-intelligence/BusinessIntelligenceDashboard.tsx
FN:38,(anonymous_0)
FN:59,(anonymous_1)
FN:72,(anonymous_2)
FN:96,(anonymous_3)
FN:107,(anonymous_4)
FN:114,(anonymous_5)
FN:122,(anonymous_6)
FN:195,(anonymous_7)
FN:200,(anonymous_8)
FN:281,(anonymous_9)
FNF:10
FNH:0
FNDA:0,(anonymous_0)
FNDA:0,(anonymous_1)
FNDA:0,(anonymous_2)
FNDA:0,(anonymous_3)
FNDA:0,(anonymous_4)
FNDA:0,(anonymous_5)
FNDA:0,(anonymous_6)
FNDA:0,(anonymous_7)
FNDA:0,(anonymous_8)
FNDA:0,(anonymous_9)
DA:38,0
DA:39,0
DA:40,0
DA:48,0
DA:56,0
DA:59,0
DA:60,0
DA:61,0
DA:62,0
DA:67,0
DA:72,0
DA:73,0
DA:74,0
DA:77,0
DA:78,0
DA:79,0
DA:80,0
DA:81,0
DA:82,0
DA:86,0
DA:87,0
DA:88,0
DA:89,0
DA:93,0
DA:94,0
DA:95,0
DA:96,0
DA:98,0
DA:99,0
DA:102,0
DA:105,0
DA:107,0
DA:108,0
DA:109,0
DA:110,0
DA:111,0
DA:114,0
DA:115,0
DA:116,0
DA:117,0
DA:118,0
DA:122,0
DA:123,0
DA:126,0
DA:127,0
DA:138,0
DA:139,0
DA:140,0
DA:141,0
DA:149,0
DA:150,0
DA:162,0
DA:163,0
DA:173,0
DA:176,0
DA:178,0
DA:181,0
DA:196,0
DA:200,0
DA:282,0
LF:60
LH:0
BRDA:77,0,0,0
BRDA:77,0,1,0
BRDA:78,1,0,0
BRDA:78,1,1,0
BRDA:79,2,0,0
BRDA:79,2,1,0
BRDA:86,3,0,0
BRDA:86,3,1,0
BRDA:87,4,0,0
BRDA:87,4,1,0
BRDA:93,5,0,0
BRDA:93,5,1,0
BRDA:94,6,0,0
BRDA:94,6,1,0
BRDA:95,7,0,0
BRDA:95,7,1,0
BRDA:102,8,0,0
BRDA:102,8,1,0
BRDA:108,9,0,0
BRDA:108,9,1,0
BRDA:109,10,0,0
BRDA:109,10,1,0
BRDA:110,11,0,0
BRDA:110,11,1,0
BRDA:115,12,0,0
BRDA:115,12,1,0
BRDA:116,13,0,0
BRDA:116,13,1,0
BRDA:117,14,0,0
BRDA:117,14,1,0
BRDA:126,15,0,0
BRDA:126,15,1,0
BRDA:138,16,0,0
BRDA:138,16,1,0
BRDA:140,17,0,0
BRDA:140,17,1,0
BRDA:149,18,0,0
BRDA:149,18,1,0
BRDA:162,19,0,0
BRDA:162,19,1,0
BRDA:178,20,0,0
BRDA:178,20,1,0
BRDA:178,20,2,0
BRDA:178,20,3,0
BRDA:178,20,4,0
BRDA:198,21,0,0
BRDA:198,21,1,0
BRDA:201,22,0,0
BRDA:201,22,1,0
BRDA:213,23,0,0
BRDA:213,23,1,0
BRDA:241,24,0,0
BRDA:241,24,1,0
BRDA:242,25,0,0
BRDA:242,25,1,0
BRDA:243,26,0,0
BRDA:243,26,1,0
BRDA:279,27,0,0
BRDA:279,27,1,0
BRDA:285,28,0,0
BRDA:285,28,1,0
BRDA:286,29,0,0
BRDA:286,29,1,0
BRDA:292,30,0,0
BRDA:292,30,1,0
BRDA:294,31,0,0
BRDA:294,31,1,0
BRDA:309,32,0,0
BRDA:309,32,1,0
BRDA:310,33,0,0
BRDA:310,33,1,0
BRF:71
BRH:0
end_of_record
TN:
SF:src/components/business-intelligence/CompetitiveIntelligence.tsx
FN:16,(anonymous_0)
FNF:1
FNH:0
FNDA:0,(anonymous_0)
DA:16,0
DA:19,0
DA:20,0
DA:32,0
LF:4
LH:0
BRDA:19,0,0,0
BRDA:19,0,1,0
BRF:2
BRH:0
end_of_record
TN:
SF:src/components/business-intelligence/ExecutiveSummaryCards.tsx
FN:28,(anonymous_0)
FN:52,(anonymous_1)
FN:63,(anonymous_2)
FN:74,(anonymous_3)
FN:80,(anonymous_4)
FNF:5
FNH:0
FNDA:0,(anonymous_0)
FNDA:0,(anonymous_1)
FNDA:0,(anonymous_2)
FNDA:0,(anonymous_3)
FNDA:0,(anonymous_4)
DA:28,0
DA:35,0
DA:36,0
DA:37,0
DA:38,0
DA:41,0
DA:46,0
DA:52,0
DA:53,0
DA:55,0
DA:57,0
DA:59,0
DA:63,0
DA:64,0
DA:66,0
DA:68,0
DA:70,0
DA:74,0
DA:75,0
DA:76,0
DA:77,0
DA:80,0
DA:81,0
DA:82,0
DA:83,0
DA:86,0
LF:26
LH:0
BRDA:35,0,0,0
BRDA:35,0,1,0
BRDA:36,1,0,0
BRDA:36,1,1,0
BRDA:37,2,0,0
BRDA:37,2,1,0
BRDA:38,3,0,0
BRDA:38,3,1,0
BRDA:41,4,0,0
BRDA:41,4,1,0
BRDA:53,5,0,0
BRDA:53,5,1,0
BRDA:53,5,2,0
BRDA:64,6,0,0
BRDA:64,6,1,0
BRDA:64,6,2,0
BRDA:75,7,0,0
BRDA:75,7,1,0
BRDA:76,8,0,0
BRDA:76,8,1,0
BRDA:81,9,0,0
BRDA:81,9,1,0
BRDA:82,10,0,0
BRDA:82,10,1,0
BRDA:109,11,0,0
BRDA:109,11,1,0
BRDA:110,12,0,0
BRDA:110,12,1,0
BRDA:129,13,0,0
BRDA:129,13,1,0
BRDA:132,14,0,0
BRDA:132,14,1,0
BRDA:132,15,0,0
BRDA:132,15,1,0
BRDA:138,16,0,0
BRDA:138,16,1,0
BRDA:139,17,0,0
BRDA:139,17,1,0
BRDA:140,18,0,0
BRDA:140,18,1,0
BRDA:159,19,0,0
BRDA:159,19,1,0
BRDA:162,20,0,0
BRDA:162,20,1,0
BRDA:162,21,0,0
BRDA:162,21,1,0
BRDA:183,22,0,0
BRDA:183,22,1,0
BRDA:184,23,0,0
BRDA:184,23,1,0
BRDA:188,24,0,0
BRDA:188,24,1,0
BRDA:191,25,0,0
BRDA:191,25,1,0
BRDA:192,26,0,0
BRDA:192,26,1,0
BRDA:202,27,0,0
BRDA:202,27,1,0
BRDA:203,28,0,0
BRDA:203,28,1,0
BRDA:239,29,0,0
BRDA:239,29,1,0
BRDA:240,30,0,0
BRDA:240,30,1,0
BRDA:242,31,0,0
BRDA:242,31,1,0
BRDA:243,32,0,0
BRDA:243,32,1,0
BRF:68
BRH:0
end_of_record
TN:
SF:src/components/business-intelligence/KeyMetricsOverview.tsx
FN:43,(anonymous_0)
FN:51,(anonymous_1)
FN:119,(anonymous_2)
FN:137,(anonymous_3)
FN:248,(anonymous_4)
FN:264,(anonymous_5)
FNF:6
FNH:0
FNDA:0,(anonymous_0)
FNDA:0,(anonymous_1)
FNDA:0,(anonymous_2)
FNDA:0,(anonymous_3)
FNDA:0,(anonymous_4)
FNDA:0,(anonymous_5)
DA:43,0
DA:51,0
DA:52,0
DA:53,0
DA:55,0
DA:56,0
DA:57,0
DA:59,0
DA:68,0
DA:71,0
DA:74,0
DA:81,0
DA:116,0
DA:117,0
DA:120,0
DA:133,0
DA:138,0
DA:139,0
DA:249,0
DA:265,0
LF:20
LH:0
BRDA:52,0,0,0
BRDA:52,0,1,0
BRDA:52,1,0,0
BRDA:52,1,1,0
BRDA:75,2,0,0
BRDA:75,2,1,0
BRDA:76,3,0,0
BRDA:76,3,1,0
BRDA:76,4,0,0
BRDA:76,4,1,0
BRDA:84,5,0,0
BRDA:84,5,1,0
BRDA:92,6,0,0
BRDA:92,6,1,0
BRDA:116,7,0,0
BRDA:116,7,1,0
BRDA:151,8,0,0
BRDA:151,8,1,0
BRDA:154,9,0,0
BRDA:154,9,1,0
BRDA:343,10,0,0
BRDA:343,10,1,0
BRDA:344,11,0,0
BRDA:344,11,1,0
BRF:24
BRH:0
end_of_record
TN:
SF:src/components/business-intelligence/PerformanceTrends.tsx
FN:17,(anonymous_0)
FNF:1
FNH:0
FNDA:0,(anonymous_0)
DA:17,0
DA:23,0
DA:24,0
DA:36,0
LF:4
LH:0
BRDA:23,0,0,0
BRDA:23,0,1,0
BRF:2
BRH:0
end_of_record
TN:
SF:src/components/business-intelligence/ROIAnalysis.tsx
FN:17,(anonymous_0)
FNF:1
FNH:0
FNDA:0,(anonymous_0)
DA:17,0
DA:23,0
DA:24,0
DA:36,0
LF:4
LH:0
BRDA:23,0,0,0
BRDA:23,0,1,0
BRF:2
BRH:0
end_of_record
TN:
SF:src/components/cache/CacheMonitoringDashboard.tsx
FN:27,CacheMonitoringDashboard
FN:34,(anonymous_1)
FN:37,(anonymous_2)
FN:41,(anonymous_3)
FN:44,(anonymous_4)
FN:52,(anonymous_5)
FN:58,(anonymous_6)
FN:64,(anonymous_7)
FN:98,(anonymous_8)
FNF:9
FNH:0
FNDA:0,CacheMonitoringDashboard
FNDA:0,(anonymous_1)
FNDA:0,(anonymous_2)
FNDA:0,(anonymous_3)
FNDA:0,(anonymous_4)
FNDA:0,(anonymous_5)
FNDA:0,(anonymous_6)
FNDA:0,(anonymous_7)
FNDA:0,(anonymous_8)
DA:31,0
DA:32,0
DA:34,0
DA:35,0
DA:37,0
DA:38,0
DA:41,0
DA:44,0
DA:45,0
DA:46,0
DA:47,0
DA:48,0
DA:49,0
DA:52,0
DA:53,0
DA:54,0
DA:55,0
DA:58,0
DA:59,0
DA:60,0
DA:61,0
DA:64,0
DA:65,0
DA:66,0
DA:67,0
DA:68,0
DA:71,0
DA:72,0
DA:82,0
DA:98,0
LF:30
LH:0
BRDA:28,0,0,0
BRDA:29,1,0,0
BRDA:35,2,0,0
BRDA:35,2,1,0
BRDA:45,3,0,0
BRDA:45,3,1,0
BRDA:53,4,0,0
BRDA:53,4,1,0
BRDA:54,5,0,0
BRDA:54,5,1,0
BRDA:59,6,0,0
BRDA:59,6,1,0
BRDA:60,7,0,0
BRDA:60,7,1,0
BRDA:66,8,0,0
BRDA:66,8,1,0
BRDA:67,9,0,0
BRDA:67,9,1,0
BRDA:71,10,0,0
BRDA:71,10,1,0
BRDA:71,11,0,0
BRDA:71,11,1,0
BRDA:91,12,0,0
BRDA:91,12,1,0
BRDA:100,13,0,0
BRDA:100,13,1,0
BRDA:101,14,0,0
BRDA:101,14,1,0
BRDA:109,15,0,0
BRDA:109,15,1,0
BRDA:124,16,0,0
BRDA:124,16,1,0
BRDA:125,17,0,0
BRDA:125,17,1,0
BRDA:141,18,0,0
BRDA:141,18,1,0
BRDA:157,19,0,0
BRDA:157,19,1,0
BRDA:173,20,0,0
BRDA:173,20,1,0
BRDA:206,21,0,0
BRDA:206,21,1,0
BRDA:209,22,0,0
BRDA:209,22,1,0
BRDA:210,23,0,0
BRDA:210,23,1,0
BRDA:219,24,0,0
BRDA:219,24,1,0
BRDA:223,25,0,0
BRDA:223,25,1,0
BRDA:231,26,0,0
BRDA:231,26,1,0
BRDA:238,27,0,0
BRDA:238,27,1,0
BRDA:257,28,0,0
BRDA:257,28,1,0
BRDA:261,29,0,0
BRDA:261,29,1,0
BRDA:269,30,0,0
BRDA:269,30,1,0
BRDA:276,31,0,0
BRDA:276,31,1,0
BRDA:283,32,0,0
BRDA:283,32,1,0
BRDA:284,33,0,0
BRDA:284,33,1,0
BRDA:294,34,0,0
BRDA:294,34,1,0
BRDA:294,34,2,0
BRDA:304,35,0,0
BRDA:304,35,1,0
BRDA:312,36,0,0
BRDA:312,36,1,0
BRDA:333,37,0,0
BRDA:333,37,1,0
BRDA:345,38,0,0
BRDA:345,38,1,0
BRDA:357,39,0,0
BRDA:357,39,1,0
BRDA:378,40,0,0
BRDA:378,40,1,0
BRDA:384,41,0,0
BRDA:384,41,1,0
BRDA:390,42,0,0
BRDA:390,42,1,0
BRDA:396,43,0,0
BRDA:396,43,1,0
BRDA:396,44,0,0
BRDA:396,44,1,0
BRDA:418,45,0,0
BRDA:418,45,1,0
BRDA:422,46,0,0
BRDA:422,46,1,0
BRDA:434,47,0,0
BRDA:434,47,1,0
BRDA:440,48,0,0
BRDA:440,48,1,0
BRDA:446,49,0,0
BRDA:446,49,1,0
BRDA:447,50,0,0
BRDA:447,50,1,0
BRDA:460,51,0,0
BRDA:460,51,1,0
BRDA:460,52,0,0
BRDA:460,52,1,0
BRDA:461,53,0,0
BRDA:461,53,1,0
BRDA:461,54,0,0
BRDA:461,54,1,0
BRDA:464,55,0,0
BRDA:464,55,1,0
BRDA:469,56,0,0
BRDA:469,56,1,0
BRDA:469,57,0,0
BRDA:469,57,1,0
BRDA:470,58,0,0
BRDA:470,58,1,0
BRDA:470,59,0,0
BRDA:470,59,1,0
BRDA:473,60,0,0
BRDA:473,60,1,0
BRDA:513,61,0,0
BRDA:513,61,1,0
BRDA:519,62,0,0
BRDA:519,62,1,0
BRDA:525,63,0,0
BRDA:525,63,1,0
BRDA:531,64,0,0
BRDA:531,64,1,0
BRF:129
BRH:0
end_of_record
TN:
SF:src/components/charts/BarChart.tsx
FN:22,(anonymous_0)
FNF:1
FNH:0
FNDA:0,(anonymous_0)
DA:22,0
DA:30,0
DA:60,0
LF:3
LH:0
BRDA:25,0,0,0
BRDA:26,1,0,0
BRDA:27,2,0,0
BRDA:28,3,0,0
BRDA:31,4,0,0
BRDA:31,4,1,0
BRDA:32,5,0,0
BRDA:32,5,1,0
BRDA:34,6,0,0
BRDA:34,6,1,0
BRDA:38,7,0,0
BRDA:38,7,1,0
BRDA:50,8,0,0
BRDA:50,8,1,0
BRDA:54,9,0,0
BRDA:54,9,1,0
BRF:16
BRH:0
end_of_record
TN:
SF:src/components/charts/BaseChart.tsx
FN:134,(anonymous_0)
FN:155,(anonymous_1)
FNF:2
FNH:0
FNDA:0,(anonymous_0)
FNDA:0,(anonymous_1)
DA:17,0
DA:37,0
DA:85,0
DA:123,0
DA:134,0
DA:135,0
DA:148,0
DA:149,0
DA:150,0
DA:152,0
DA:155,0
DA:156,0
DA:157,0
DA:158,0
DA:159,0
LF:15
LH:0
BRF:0
BRH:0
end_of_record
TN:
SF:src/components/charts/ChartContainer.tsx
FN:13,(anonymous_0)
FNF:1
FNH:0
FNDA:0,(anonymous_0)
DA:13,0
DA:21,0
LF:2
LH:0
BRDA:16,0,0,0
BRDA:18,1,0,0
BRDA:23,2,0,0
BRDA:23,2,1,0
BRDA:23,2,2,0
BRDA:25,3,0,0
BRDA:25,3,1,0
BRDA:30,4,0,0
BRDA:30,4,1,0
BRDA:38,5,0,0
BRDA:38,5,1,0
BRDA:42,6,0,0
BRDA:42,6,1,0
BRF:13
BRH:0
end_of_record
TN:
SF:src/components/charts/ComparativeAnalysisChart.tsx
FN:88,(anonymous_0)
FN:102,(anonymous_1)
FN:109,(anonymous_2)
FN:110,(anonymous_3)
FN:117,(anonymous_4)
FN:141,(anonymous_5)
FN:143,(anonymous_6)
FN:148,(anonymous_7)
FN:153,(anonymous_8)
FN:154,(anonymous_9)
FN:162,(anonymous_10)
FN:169,(anonymous_11)
FN:170,(anonymous_12)
FN:172,(anonymous_13)
FN:183,(anonymous_14)
FN:186,(anonymous_15)
FN:187,(anonymous_16)
FN:190,(anonymous_17)
FN:191,(anonymous_18)
FN:203,(anonymous_19)
FN:209,(anonymous_20)
FN:210,(anonymous_21)
FN:221,(anonymous_22)
FN:232,(anonymous_23)
FN:233,(anonymous_24)
FN:234,(anonymous_25)
FN:239,(anonymous_26)
FN:240,(anonymous_27)
FN:249,(anonymous_28)
FN:253,(anonymous_29)
FN:254,(anonymous_30)
FN:255,(anonymous_31)
FN:256,(anonymous_32)
FN:257,(anonymous_33)
FN:265,(anonymous_34)
FN:266,(anonymous_35)
FN:272,(anonymous_36)
FN:273,(anonymous_37)
FN:275,(anonymous_38)
FN:281,(anonymous_39)
FN:288,(anonymous_40)
FN:289,(anonymous_41)
FN:290,(anonymous_42)
FN:305,(anonymous_43)
FN:311,(anonymous_44)
FN:313,(anonymous_45)
FN:314,(anonymous_46)
FN:329,(anonymous_47)
FN:331,(anonymous_48)
FN:341,(anonymous_49)
FN:344,(anonymous_50)
FN:353,(anonymous_51)
FN:354,(anonymous_52)
FN:374,(anonymous_53)
FN:381,(anonymous_54)
FN:382,(anonymous_55)
FN:383,(anonymous_56)
FN:401,(anonymous_57)
FN:408,(anonymous_58)
FN:422,(anonymous_59)
FN:430,(anonymous_60)
FN:436,(anonymous_61)
FN:439,(anonymous_62)
FN:441,(anonymous_63)
FN:442,(anonymous_64)
FN:445,(anonymous_65)
FN:449,(anonymous_66)
FN:457,(anonymous_67)
FN:460,(anonymous_68)
FN:521,(anonymous_69)
FN:535,(anonymous_70)
FN:556,(anonymous_71)
FN:570,(anonymous_72)
FN:579,(anonymous_73)
FN:584,(anonymous_74)
FN:602,(anonymous_75)
FN:607,(anonymous_76)
FNF:77
FNH:0
FNDA:0,(anonymous_0)
FNDA:0,(anonymous_1)
FNDA:0,(anonymous_2)
FNDA:0,(anonymous_3)
FNDA:0,(anonymous_4)
FNDA:0,(anonymous_5)
FNDA:0,(anonymous_6)
FNDA:0,(anonymous_7)
FNDA:0,(anonymous_8)
FNDA:0,(anonymous_9)
FNDA:0,(anonymous_10)
FNDA:0,(anonymous_11)
FNDA:0,(anonymous_12)
FNDA:0,(anonymous_13)
FNDA:0,(anonymous_14)
FNDA:0,(anonymous_15)
FNDA:0,(anonymous_16)
FNDA:0,(anonymous_17)
FNDA:0,(anonymous_18)
FNDA:0,(anonymous_19)
FNDA:0,(anonymous_20)
FNDA:0,(anonymous_21)
FNDA:0,(anonymous_22)
FNDA:0,(anonymous_23)
FNDA:0,(anonymous_24)
FNDA:0,(anonymous_25)
FNDA:0,(anonymous_26)
FNDA:0,(anonymous_27)
FNDA:0,(anonymous_28)
FNDA:0,(anonymous_29)
FNDA:0,(anonymous_30)
FNDA:0,(anonymous_31)
FNDA:0,(anonymous_32)
FNDA:0,(anonymous_33)
FNDA:0,(anonymous_34)
FNDA:0,(anonymous_35)
FNDA:0,(anonymous_36)
FNDA:0,(anonymous_37)
FNDA:0,(anonymous_38)
FNDA:0,(anonymous_39)
FNDA:0,(anonymous_40)
FNDA:0,(anonymous_41)
FNDA:0,(anonymous_42)
FNDA:0,(anonymous_43)
FNDA:0,(anonymous_44)
FNDA:0,(anonymous_45)
FNDA:0,(anonymous_46)
FNDA:0,(anonymous_47)
FNDA:0,(anonymous_48)
FNDA:0,(anonymous_49)
FNDA:0,(anonymous_50)
FNDA:0,(anonymous_51)
FNDA:0,(anonymous_52)
FNDA:0,(anonymous_53)
FNDA:0,(anonymous_54)
FNDA:0,(anonymous_55)
FNDA:0,(anonymous_56)
FNDA:0,(anonymous_57)
FNDA:0,(anonymous_58)
FNDA:0,(anonymous_59)
FNDA:0,(anonymous_60)
FNDA:0,(anonymous_61)
FNDA:0,(anonymous_62)
FNDA:0,(anonymous_63)
FNDA:0,(anonymous_64)
FNDA:0,(anonymous_65)
FNDA:0,(anonymous_66)
FNDA:0,(anonymous_67)
FNDA:0,(anonymous_68)
FNDA:0,(anonymous_69)
FNDA:0,(anonymous_70)
FNDA:0,(anonymous_71)
FNDA:0,(anonymous_72)
FNDA:0,(anonymous_73)
FNDA:0,(anonymous_74)
FNDA:0,(anonymous_75)
FNDA:0,(anonymous_76)
DA:83,0
DA:88,0
DA:100,0
DA:101,0
DA:102,0
DA:104,0
DA:105,0
DA:106,0
DA:109,0
DA:110,0
DA:111,0
DA:117,0
DA:118,0
DA:121,0
DA:123,0
DA:124,0
DA:126,0
DA:127,0
DA:129,0
DA:130,0
DA:132,0
DA:133,0
DA:135,0
DA:136,0
DA:138,0
DA:141,0
DA:143,0
DA:148,0
DA:149,0
DA:152,0
DA:153,0
DA:154,0
DA:155,0
DA:159,0
DA:162,0
DA:163,0
DA:169,0
DA:170,0
DA:171,0
DA:172,0
DA:173,0
DA:178,0
DA:183,0
DA:184,0
DA:186,0
DA:187,0
DA:188,0
DA:190,0
DA:191,0
DA:192,0
DA:195,0
DA:198,0
DA:203,0
DA:204,0
DA:206,0
DA:207,0
DA:209,0
DA:210,0
DA:221,0
DA:222,0
DA:224,0
DA:226,0
DA:227,0
DA:228,0
DA:229,0
DA:232,0
DA:233,0
DA:234,0
DA:236,0
DA:238,0
DA:239,0
DA:240,0
DA:246,0
DA:249,0
DA:250,0
DA:251,0
DA:253,0
DA:254,0
DA:255,0
DA:256,0
DA:257,0
DA:259,0
DA:260,0
DA:262,0
DA:265,0
DA:266,0
DA:267,0
DA:268,0
DA:272,0
DA:273,0
DA:274,0
DA:275,0
DA:278,0
DA:281,0
DA:282,0
DA:283,0
DA:286,0
DA:289,0
DA:290,0
DA:295,0
DA:296,0
DA:297,0
DA:298,0
DA:299,0
DA:300,0
DA:301,0
DA:305,0
DA:306,0
DA:307,0
DA:312,0
DA:313,0
DA:314,0
DA:316,0
DA:326,0
DA:329,0
DA:330,0
DA:332,0
DA:341,0
DA:344,0
DA:354,0
DA:355,0
DA:374,0
DA:375,0
DA:382,0
DA:383,0
DA:384,0
DA:401,0
DA:402,0
DA:409,0
DA:422,0
DA:423,0
DA:430,0
DA:436,0
DA:439,0
DA:441,0
DA:442,0
DA:446,0
DA:449,0
DA:457,0
DA:458,0
DA:461,0
DA:484,0
DA:485,0
DA:497,0
DA:498,0
DA:510,0
DA:521,0
DA:535,0
DA:556,0
DA:570,0
DA:580,0
DA:584,0
DA:603,0
DA:607,0
LF:154
LH:0
BRDA:91,0,0,0
BRDA:92,1,0,0
BRDA:93,2,0,0
BRDA:97,3,0,0
BRDA:111,4,0,0
BRDA:111,4,1,0
BRDA:111,4,2,0
BRDA:121,5,0,0
BRDA:121,5,1,0
BRDA:121,5,2,0
BRDA:121,5,3,0
BRDA:121,5,4,0
BRDA:121,5,5,0
BRDA:149,6,0,0
BRDA:149,6,1,0
BRDA:171,7,0,0
BRDA:171,7,1,0
BRDA:173,8,0,0
BRDA:173,8,1,0
BRDA:184,9,0,0
BRDA:184,9,1,0
BRDA:188,10,0,0
BRDA:188,10,1,0
BRDA:192,11,0,0
BRDA:192,11,1,0
BRDA:204,12,0,0
BRDA:204,12,1,0
BRDA:211,13,0,0
BRDA:211,13,1,0
BRDA:212,14,0,0
BRDA:212,14,1,0
BRDA:222,15,0,0
BRDA:222,15,1,0
BRDA:222,16,0,0
BRDA:222,16,1,0
BRDA:233,17,0,0
BRDA:233,17,1,0
BRDA:234,18,0,0
BRDA:234,18,1,0
BRDA:239,19,0,0
BRDA:239,19,1,0
BRDA:240,20,0,0
BRDA:240,20,1,0
BRDA:251,21,0,0
BRDA:251,21,1,0
BRDA:262,22,0,0
BRDA:262,22,1,0
BRDA:267,23,0,0
BRDA:267,23,1,0
BRDA:274,24,0,0
BRDA:274,24,1,0
BRDA:282,25,0,0
BRDA:282,25,1,0
BRDA:290,26,0,0
BRDA:290,26,1,0
BRDA:306,27,0,0
BRDA:306,27,1,0
BRDA:306,28,0,0
BRDA:306,28,1,0
BRDA:306,28,2,0
BRDA:318,29,0,0
BRDA:318,29,1,0
BRDA:346,30,0,0
BRDA:346,30,1,0
BRDA:360,31,0,0
BRDA:360,31,1,0
BRDA:391,32,0,0
BRDA:391,32,1,0
BRDA:441,33,0,0
BRDA:441,33,1,0
BRDA:466,34,0,0
BRDA:466,34,1,0
BRDA:467,35,0,0
BRDA:467,35,1,0
BRDA:473,36,0,0
BRDA:473,36,1,0
BRDA:474,37,0,0
BRDA:474,37,1,0
BRDA:484,38,0,0
BRDA:484,38,1,0
BRDA:497,39,0,0
BRDA:497,39,1,0
BRDA:511,40,0,0
BRDA:511,40,1,0
BRDA:582,41,0,0
BRDA:582,41,1,0
BRDA:592,42,0,0
BRDA:592,42,1,0
BRDA:605,43,0,0
BRDA:605,43,1,0
BRDA:609,44,0,0
BRDA:609,44,1,0
BRDA:635,45,0,0
BRDA:635,45,1,0
BRDA:636,46,0,0
BRDA:636,46,1,0
BRDA:637,47,0,0
BRDA:637,47,1,0
BRDA:638,48,0,0
BRDA:638,48,1,0
BRDA:639,49,0,0
BRDA:639,49,1,0
BRDA:640,50,0,0
BRDA:640,50,1,0
BRF:104
BRH:0
end_of_record
TN:
SF:src/components/charts/KeywordFrequencyChart.tsx
FN:25,(anonymous_0)
FN:41,(anonymous_1)
FN:58,(anonymous_2)
FN:62,(anonymous_3)
FN:64,(anonymous_4)
FN:70,(anonymous_5)
FN:75,(anonymous_6)
FN:142,(anonymous_7)
FNF:8
FNH:0
FNDA:0,(anonymous_0)
FNDA:0,(anonymous_1)
FNDA:0,(anonymous_2)
FNDA:0,(anonymous_3)
FNDA:0,(anonymous_4)
FNDA:0,(anonymous_5)
FNDA:0,(anonymous_6)
FNDA:0,(anonymous_7)
DA:25,0
DA:36,0
DA:37,0
DA:40,0
DA:42,0
DA:44,0
DA:46,0
DA:48,0
DA:50,0
DA:55,0
DA:57,0
DA:58,0
DA:62,0
DA:64,0
DA:70,0
DA:71,0
DA:72,0
DA:75,0
DA:76,0
DA:79,0
DA:86,0
DA:103,0
DA:143,0
LF:23
LH:0
BRDA:27,0,0,0
BRDA:28,1,0,0
BRDA:29,2,0,0
BRDA:30,3,0,0
BRDA:32,4,0,0
BRDA:33,5,0,0
BRDA:42,6,0,0
BRDA:42,6,1,0
BRDA:42,6,2,0
BRDA:42,6,3,0
BRDA:98,7,0,0
BRDA:98,7,1,0
BRDA:162,8,0,0
BRDA:162,8,1,0
BRDA:164,9,0,0
BRDA:164,9,1,0
BRDA:166,10,0,0
BRDA:166,10,1,0
BRDA:170,11,0,0
BRDA:170,11,1,0
BRDA:171,12,0,0
BRDA:171,12,1,0
BRDA:172,13,0,0
BRDA:172,13,1,0
BRF:24
BRH:0
end_of_record
TN:
SF:src/components/charts/KeywordNetworkChart.tsx
FN:62,(anonymous_0)
FN:86,(anonymous_1)
FN:90,(anonymous_2)
FN:91,(anonymous_3)
FN:93,(anonymous_4)
FN:100,(anonymous_5)
FN:105,(anonymous_6)
FN:141,(anonymous_7)
FN:155,(anonymous_8)
FN:161,(anonymous_9)
FN:176,(anonymous_10)
FN:184,(anonymous_11)
FN:188,(anonymous_12)
FN:203,(anonymous_13)
FN:211,(anonymous_14)
FN:215,(anonymous_15)
FN:220,(anonymous_16)
FN:220,(anonymous_17)
FN:221,(anonymous_18)
FN:221,(anonymous_19)
FN:222,(anonymous_20)
FN:228,(anonymous_21)
FN:283,(anonymous_22)
FN:296,(anonymous_23)
FN:329,(anonymous_24)
FN:365,(anonymous_25)
FN:398,(anonymous_26)
FN:399,(anonymous_27)
FN:400,(anonymous_28)
FN:415,(anonymous_29)
FN:423,(anonymous_30)
FN:433,(anonymous_31)
FNF:32
FNH:0
FNDA:0,(anonymous_0)
FNDA:0,(anonymous_1)
FNDA:0,(anonymous_2)
FNDA:0,(anonymous_3)
FNDA:0,(anonymous_4)
FNDA:0,(anonymous_5)
FNDA:0,(anonymous_6)
FNDA:0,(anonymous_7)
FNDA:0,(anonymous_8)
FNDA:0,(anonymous_9)
FNDA:0,(anonymous_10)
FNDA:0,(anonymous_11)
FNDA:0,(anonymous_12)
FNDA:0,(anonymous_13)
FNDA:0,(anonymous_14)
FNDA:0,(anonymous_15)
FNDA:0,(anonymous_16)
FNDA:0,(anonymous_17)
FNDA:0,(anonymous_18)
FNDA:0,(anonymous_19)
FNDA:0,(anonymous_20)
FNDA:0,(anonymous_21)
FNDA:0,(anonymous_22)
FNDA:0,(anonymous_23)
FNDA:0,(anonymous_24)
FNDA:0,(anonymous_25)
FNDA:0,(anonymous_26)
FNDA:0,(anonymous_27)
FNDA:0,(anonymous_28)
FNDA:0,(anonymous_29)
FNDA:0,(anonymous_30)
FNDA:0,(anonymous_31)
DA:62,0
DA:74,0
DA:75,0
DA:76,0
DA:77,0
DA:78,0
DA:79,0
DA:80,0
DA:81,0
DA:82,0
DA:83,0
DA:86,0
DA:87,0
DA:90,0
DA:91,0
DA:93,0
DA:100,0
DA:102,0
DA:105,0
DA:106,0
DA:108,0
DA:109,0
DA:112,0
DA:113,0
DA:114,0
DA:117,0
DA:124,0
DA:127,0
DA:134,0
DA:137,0
DA:141,0
DA:142,0
DA:144,0
DA:146,0
DA:148,0
DA:150,0
DA:155,0
DA:156,0
DA:157,0
DA:159,0
DA:161,0
DA:162,0
DA:163,0
DA:164,0
DA:172,0
DA:173,0
DA:174,0
DA:176,0
DA:184,0
DA:185,0
DA:186,0
DA:188,0
DA:189,0
DA:190,0
DA:191,0
DA:193,0
DA:203,0
DA:211,0
DA:212,0
DA:215,0
DA:216,0
DA:217,0
DA:220,0
DA:221,0
DA:222,0
DA:223,0
DA:224,0
DA:225,0
DA:228,0
DA:229,0
DA:230,0
DA:233,0
DA:234,0
DA:235,0
DA:236,0
DA:237,0
DA:238,0
DA:239,0
DA:240,0
DA:241,0
DA:246,0
DA:247,0
DA:259,0
DA:260,0
DA:272,0
DA:283,0
DA:296,0
DA:329,0
DA:365,0
DA:399,0
DA:400,0
DA:402,0
DA:404,0
DA:415,0
DA:424,0
DA:433,0
LF:96
LH:0
BRDA:64,0,0,0
BRDA:65,1,0,0
BRDA:66,2,0,0
BRDA:67,3,0,0
BRDA:71,4,0,0
BRDA:87,5,0,0
BRDA:87,5,1,0
BRDA:106,6,0,0
BRDA:106,6,1,0
BRDA:106,6,2,0
BRDA:106,6,3,0
BRDA:106,6,4,0
BRDA:112,7,0,0
BRDA:112,7,1,0
BRDA:113,8,0,0
BRDA:113,8,1,0
BRDA:124,9,0,0
BRDA:124,9,1,0
BRDA:124,10,0,0
BRDA:124,10,1,0
BRDA:134,11,0,0
BRDA:134,11,1,0
BRDA:134,12,0,0
BRDA:134,12,1,0
BRDA:142,13,0,0
BRDA:142,13,1,0
BRDA:142,13,2,0
BRDA:142,13,3,0
BRDA:159,14,0,0
BRDA:159,14,1,0
BRDA:159,14,2,0
BRDA:159,14,3,0
BRDA:159,14,4,0
BRDA:216,15,0,0
BRDA:216,15,1,0
BRDA:229,16,0,0
BRDA:229,16,1,0
BRDA:233,17,0,0
BRDA:233,17,1,0
BRDA:246,18,0,0
BRDA:246,18,1,0
BRDA:259,19,0,0
BRDA:259,19,1,0
BRDA:273,20,0,0
BRDA:273,20,1,0
BRDA:376,21,0,0
BRDA:376,21,1,0
BRDA:387,22,0,0
BRDA:387,22,1,0
BRDA:402,23,0,0
BRDA:402,23,1,0
BRDA:402,24,0,0
BRDA:402,24,1,0
BRDA:430,25,0,0
BRDA:430,25,1,0
BRDA:431,26,0,0
BRDA:431,26,1,0
BRDA:436,27,0,0
BRDA:436,27,1,0
BRDA:460,28,0,0
BRDA:460,28,1,0
BRDA:476,29,0,0
BRDA:476,29,1,0
BRF:63
BRH:0
end_of_record
TN:
SF:src/components/charts/LineChart.tsx
FN:23,(anonymous_0)
FN:62,(anonymous_1)
FNF:2
FNH:0
FNDA:0,(anonymous_0)
FNDA:0,(anonymous_1)
DA:23,0
DA:31,0
DA:60,0
DA:62,0
DA:69,0
LF:5
LH:0
BRDA:26,0,0,0
BRDA:27,1,0,0
BRDA:28,2,0,0
BRDA:29,3,0,0
BRDA:32,4,0,0
BRDA:32,4,1,0
BRDA:34,5,0,0
BRDA:34,5,1,0
BRDA:38,6,0,0
BRDA:38,6,1,0
BRDA:64,7,0,0
BRDA:64,7,1,0
BRDA:65,8,0,0
BRDA:65,8,1,0
BRF:14
BRH:0
end_of_record
TN:
SF:src/components/charts/PieChart.tsx
FN:22,(anonymous_0)
FN:67,(anonymous_1)
FN:70,(anonymous_2)
FNF:3
FNH:0
FNDA:0,(anonymous_0)
FNDA:0,(anonymous_1)
FNDA:0,(anonymous_2)
DA:22,0
DA:31,0
DA:68,0
DA:69,0
DA:70,0
DA:71,0
DA:72,0
DA:79,0
DA:81,0
LF:9
LH:0
BRDA:25,0,0,0
BRDA:26,1,0,0
BRDA:27,2,0,0
BRDA:28,3,0,0
BRDA:29,4,0,0
BRDA:43,5,0,0
BRDA:43,5,1,0
BRDA:49,6,0,0
BRDA:49,6,1,0
BRDA:68,7,0,0
BRDA:68,7,1,0
BRDA:72,8,0,0
BRDA:72,8,1,0
BRDA:79,9,0,0
BRDA:79,9,1,0
BRF:15
BRH:0
end_of_record
TN:
SF:src/components/charts/RealTimePerformanceDashboard.tsx
FN:99,(anonymous_0)
FN:127,(anonymous_1)
FN:143,(anonymous_2)
FN:162,(anonymous_3)
FN:165,(anonymous_4)
FN:192,(anonymous_5)
FN:193,(anonymous_6)
FN:198,(anonymous_7)
FN:201,(anonymous_8)
FN:204,(anonymous_9)
FN:218,(anonymous_10)
FN:226,(anonymous_11)
FN:252,(anonymous_12)
FN:256,(anonymous_13)
FN:257,(anonymous_14)
FN:265,(anonymous_15)
FN:283,(anonymous_16)
FN:284,(anonymous_17)
FN:286,(anonymous_18)
FN:291,(anonymous_19)
FN:298,(anonymous_20)
FN:313,(anonymous_21)
FN:319,(anonymous_22)
FN:325,(anonymous_23)
FN:331,(anonymous_24)
FN:337,(anonymous_25)
FN:349,(anonymous_26)
FN:434,(anonymous_27)
FN:450,(anonymous_28)
FN:527,(anonymous_29)
FN:539,(anonymous_30)
FN:556,(anonymous_31)
FN:568,(anonymous_32)
FNF:33
FNH:0
FNDA:0,(anonymous_0)
FNDA:0,(anonymous_1)
FNDA:0,(anonymous_2)
FNDA:0,(anonymous_3)
FNDA:0,(anonymous_4)
FNDA:0,(anonymous_5)
FNDA:0,(anonymous_6)
FNDA:0,(anonymous_7)
FNDA:0,(anonymous_8)
FNDA:0,(anonymous_9)
FNDA:0,(anonymous_10)
FNDA:0,(anonymous_11)
FNDA:0,(anonymous_12)
FNDA:0,(anonymous_13)
FNDA:0,(anonymous_14)
FNDA:0,(anonymous_15)
FNDA:0,(anonymous_16)
FNDA:0,(anonymous_17)
FNDA:0,(anonymous_18)
FNDA:0,(anonymous_19)
FNDA:0,(anonymous_20)
FNDA:0,(anonymous_21)
FNDA:0,(anonymous_22)
FNDA:0,(anonymous_23)
FNDA:0,(anonymous_24)
FNDA:0,(anonymous_25)
FNDA:0,(anonymous_26)
FNDA:0,(anonymous_27)
FNDA:0,(anonymous_28)
FNDA:0,(anonymous_29)
FNDA:0,(anonymous_30)
FNDA:0,(anonymous_31)
FNDA:0,(anonymous_32)
DA:90,0
DA:99,0
DA:111,0
DA:112,0
DA:113,0
DA:114,0
DA:115,0
DA:116,0
DA:117,0
DA:121,0
DA:122,0
DA:124,0
DA:127,0
DA:128,0
DA:129,0
DA:143,0
DA:144,0
DA:146,0
DA:162,0
DA:163,0
DA:165,0
DA:166,0
DA:168,0
DA:169,0
DA:178,0
DA:179,0
DA:191,0
DA:192,0
DA:193,0
DA:198,0
DA:199,0
DA:201,0
DA:202,0
DA:204,0
DA:205,0
DA:206,0
DA:209,0
DA:213,0
DA:216,0
DA:218,0
DA:219,0
DA:220,0
DA:226,0
DA:227,0
DA:229,0
DA:232,0
DA:234,0
DA:235,0
DA:237,0
DA:238,0
DA:240,0
DA:241,0
DA:243,0
DA:244,0
DA:246,0
DA:247,0
DA:249,0
DA:252,0
DA:256,0
DA:257,0
DA:265,0
DA:266,0
DA:268,0
DA:269,0
DA:271,0
DA:283,0
DA:284,0
DA:285,0
DA:286,0
DA:291,0
DA:292,0
DA:293,0
DA:296,0
DA:299,0
DA:303,0
DA:304,0
DA:305,0
DA:306,0
DA:307,0
DA:308,0
DA:309,0
DA:313,0
DA:314,0
DA:315,0
DA:316,0
DA:319,0
DA:320,0
DA:321,0
DA:322,0
DA:325,0
DA:326,0
DA:327,0
DA:328,0
DA:331,0
DA:332,0
DA:333,0
DA:338,0
DA:346,0
DA:349,0
DA:350,0
DA:434,0
DA:435,0
DA:451,0
DA:487,0
DA:488,0
DA:500,0
DA:501,0
DA:513,0
DA:527,0
DA:539,0
DA:556,0
DA:568,0
LF:112
LH:0
BRDA:100,0,0,0
BRDA:101,1,0,0
BRDA:102,2,0,0
BRDA:103,3,0,0
BRDA:104,4,0,0
BRDA:105,5,0,0
BRDA:108,6,0,0
BRDA:129,7,0,0
BRDA:129,7,1,0
BRDA:168,8,0,0
BRDA:168,8,1,0
BRDA:178,9,0,0
BRDA:178,9,1,0
BRDA:191,10,0,0
BRDA:191,10,1,0
BRDA:199,11,0,0
BRDA:199,11,1,0
BRDA:219,12,0,0
BRDA:219,12,1,0
BRDA:227,13,0,0
BRDA:227,13,1,0
BRDA:232,14,0,0
BRDA:232,14,1,0
BRDA:232,14,2,0
BRDA:232,14,3,0
BRDA:232,14,4,0
BRDA:232,14,5,0
BRDA:266,15,0,0
BRDA:266,15,1,0
BRDA:269,16,0,0
BRDA:269,16,1,0
BRDA:285,17,0,0
BRDA:285,17,1,0
BRDA:292,18,0,0
BRDA:292,18,1,0
BRDA:314,19,0,0
BRDA:314,19,1,0
BRDA:315,20,0,0
BRDA:315,20,1,0
BRDA:320,21,0,0
BRDA:320,21,1,0
BRDA:321,22,0,0
BRDA:321,22,1,0
BRDA:326,23,0,0
BRDA:326,23,1,0
BRDA:327,24,0,0
BRDA:327,24,1,0
BRDA:332,25,0,0
BRDA:332,25,1,0
BRDA:332,26,0,0
BRDA:332,26,1,0
BRDA:332,26,2,0
BRDA:339,27,0,0
BRDA:339,27,1,0
BRDA:339,28,0,0
BRDA:339,28,1,0
BRDA:444,29,0,0
BRDA:444,29,1,0
BRDA:454,30,0,0
BRDA:454,30,1,0
BRDA:455,31,0,0
BRDA:455,31,1,0
BRDA:461,32,0,0
BRDA:461,32,1,0
BRDA:463,33,0,0
BRDA:463,33,1,0
BRDA:487,34,0,0
BRDA:487,34,1,0
BRDA:500,35,0,0
BRDA:500,35,1,0
BRDA:514,36,0,0
BRDA:514,36,1,0
BRDA:522,37,0,0
BRDA:522,37,1,0
BRDA:558,38,0,0
BRDA:558,38,1,0
BRDA:576,39,0,0
BRDA:576,39,1,0
BRDA:648,40,0,0
BRDA:648,40,1,0
BRDA:649,41,0,0
BRDA:649,41,1,0
BRDA:652,42,0,0
BRDA:652,42,1,0
BRDA:652,42,2,0
BRDA:655,43,0,0
BRDA:655,43,1,0
BRF:87
BRH:0
end_of_record
TN:
SF:src/components/charts/SentimentTimelineChart.tsx
FN:69,(anonymous_0)
FN:89,(anonymous_1)
FN:115,(anonymous_2)
FN:119,(anonymous_3)
FN:120,(anonymous_4)
FN:135,(anonymous_5)
FN:136,(anonymous_6)
FN:145,(anonymous_7)
FN:148,(anonymous_8)
FN:149,(anonymous_9)
FN:150,(anonymous_10)
FN:151,(anonymous_11)
FN:162,(anonymous_12)
FN:163,(anonymous_13)
FN:165,(anonymous_14)
FN:170,(anonymous_15)
FN:181,(anonymous_16)
FN:190,(anonymous_17)
FN:197,(anonymous_18)
FN:212,(anonymous_19)
FN:315,(anonymous_20)
FN:332,(anonymous_21)
FN:348,(anonymous_22)
FN:423,(anonymous_23)
FN:435,(anonymous_24)
FN:457,(anonymous_25)
FN:489,(anonymous_26)
FN:494,(anonymous_27)
FNF:28
FNH:0
FNDA:0,(anonymous_0)
FNDA:0,(anonymous_1)
FNDA:0,(anonymous_2)
FNDA:0,(anonymous_3)
FNDA:0,(anonymous_4)
FNDA:0,(anonymous_5)
FNDA:0,(anonymous_6)
FNDA:0,(anonymous_7)
FNDA:0,(anonymous_8)
FNDA:0,(anonymous_9)
FNDA:0,(anonymous_10)
FNDA:0,(anonymous_11)
FNDA:0,(anonymous_12)
FNDA:0,(anonymous_13)
FNDA:0,(anonymous_14)
FNDA:0,(anonymous_15)
FNDA:0,(anonymous_16)
FNDA:0,(anonymous_17)
FNDA:0,(anonymous_18)
FNDA:0,(anonymous_19)
FNDA:0,(anonymous_20)
FNDA:0,(anonymous_21)
FNDA:0,(anonymous_22)
FNDA:0,(anonymous_23)
FNDA:0,(anonymous_24)
FNDA:0,(anonymous_25)
FNDA:0,(anonymous_26)
FNDA:0,(anonymous_27)
DA:69,0
DA:82,0
DA:83,0
DA:84,0
DA:85,0
DA:86,0
DA:89,0
DA:90,0
DA:92,0
DA:95,0
DA:97,0
DA:98,0
DA:100,0
DA:101,0
DA:103,0
DA:104,0
DA:106,0
DA:107,0
DA:109,0
DA:110,0
DA:112,0
DA:115,0
DA:119,0
DA:120,0
DA:135,0
DA:136,0
DA:145,0
DA:146,0
DA:148,0
DA:149,0
DA:150,0
DA:151,0
DA:153,0
DA:162,0
DA:163,0
DA:164,0
DA:165,0
DA:170,0
DA:171,0
DA:172,0
DA:173,0
DA:174,0
DA:175,0
DA:176,0
DA:181,0
DA:182,0
DA:183,0
DA:186,0
DA:190,0
DA:191,0
DA:192,0
DA:193,0
DA:198,0
DA:209,0
DA:212,0
DA:213,0
DA:315,0
DA:316,0
DA:332,0
DA:348,0
DA:349,0
DA:386,0
DA:387,0
DA:399,0
DA:400,0
DA:412,0
DA:423,0
DA:435,0
DA:457,0
DA:490,0
DA:494,0
LF:71
LH:0
BRDA:71,0,0,0
BRDA:72,1,0,0
BRDA:73,2,0,0
BRDA:74,3,0,0
BRDA:75,4,0,0
BRDA:76,5,0,0
BRDA:79,6,0,0
BRDA:90,7,0,0
BRDA:90,7,1,0
BRDA:95,8,0,0
BRDA:95,8,1,0
BRDA:95,8,2,0
BRDA:95,8,3,0
BRDA:95,8,4,0
BRDA:95,8,5,0
BRDA:146,9,0,0
BRDA:146,9,1,0
BRDA:158,10,0,0
BRDA:158,10,1,0
BRDA:158,11,0,0
BRDA:158,11,1,0
BRDA:164,12,0,0
BRDA:164,12,1,0
BRDA:171,13,0,0
BRDA:171,13,1,0
BRDA:171,14,0,0
BRDA:171,14,1,0
BRDA:171,14,2,0
BRDA:173,15,0,0
BRDA:173,15,1,0
BRDA:173,16,0,0
BRDA:173,16,1,0
BRDA:182,17,0,0
BRDA:182,17,1,0
BRDA:183,18,0,0
BRDA:183,18,1,0
BRDA:191,19,0,0
BRDA:191,19,1,0
BRDA:191,20,0,0
BRDA:191,20,1,0
BRDA:191,20,2,0
BRDA:199,21,0,0
BRDA:199,21,1,0
BRDA:202,22,0,0
BRDA:202,22,1,0
BRDA:228,23,0,0
BRDA:228,23,1,0
BRDA:242,24,0,0
BRDA:242,24,1,0
BRDA:253,25,0,0
BRDA:253,25,1,0
BRDA:264,26,0,0
BRDA:264,26,1,0
BRDA:277,27,0,0
BRDA:277,27,1,0
BRDA:288,28,0,0
BRDA:288,28,1,0
BRDA:302,29,0,0
BRDA:302,29,1,0
BRDA:333,30,0,0
BRDA:333,30,1,0
BRDA:334,31,0,0
BRDA:334,31,1,0
BRDA:386,32,0,0
BRDA:386,32,1,0
BRDA:399,33,0,0
BRDA:399,33,1,0
BRDA:413,34,0,0
BRDA:413,34,1,0
BRDA:465,35,0,0
BRDA:465,35,1,0
BRDA:486,36,0,0
BRDA:486,36,1,0
BRDA:492,37,0,0
BRDA:492,37,1,0
BRDA:505,38,0,0
BRDA:505,38,1,0
BRDA:506,39,0,0
BRDA:506,39,1,0
BRDA:507,40,0,0
BRDA:507,40,1,0
BRF:81
BRH:0
end_of_record
TN:
SF:src/components/charts/SubredditDistributionChart.tsx
FN:24,(anonymous_0)
FN:38,(anonymous_1)
FN:43,(anonymous_2)
FN:44,(anonymous_3)
FN:48,(anonymous_4)
FN:49,(anonymous_5)
FN:54,(anonymous_6)
FN:55,(anonymous_7)
FN:62,(anonymous_8)
FN:65,(anonymous_9)
FN:67,(anonymous_10)
FN:73,(anonymous_11)
FN:116,(anonymous_12)
FN:124,(anonymous_13)
FN:155,(anonymous_14)
FNF:15
FNH:0
FNDA:0,(anonymous_0)
FNDA:0,(anonymous_1)
FNDA:0,(anonymous_2)
FNDA:0,(anonymous_3)
FNDA:0,(anonymous_4)
FNDA:0,(anonymous_5)
FNDA:0,(anonymous_6)
FNDA:0,(anonymous_7)
FNDA:0,(anonymous_8)
FNDA:0,(anonymous_9)
FNDA:0,(anonymous_10)
FNDA:0,(anonymous_11)
FNDA:0,(anonymous_12)
FNDA:0,(anonymous_13)
FNDA:0,(anonymous_14)
DA:24,0
DA:34,0
DA:37,0
DA:38,0
DA:42,0
DA:43,0
DA:44,0
DA:46,0
DA:47,0
DA:48,0
DA:49,0
DA:50,0
DA:54,0
DA:55,0
DA:59,0
DA:61,0
DA:62,0
DA:65,0
DA:67,0
DA:73,0
DA:74,0
DA:78,0
DA:87,0
DA:116,0
DA:124,0
DA:156,0
LF:26
LH:0
BRDA:26,0,0,0
BRDA:27,1,0,0
BRDA:28,2,0,0
BRDA:29,3,0,0
BRDA:31,4,0,0
BRDA:32,5,0,0
BRDA:47,6,0,0
BRDA:47,6,1,0
BRDA:83,7,0,0
BRDA:83,7,1,0
BRDA:95,8,0,0
BRDA:95,8,1,0
BRDA:161,9,0,0
BRDA:161,9,1,0
BRF:14
BRH:0
end_of_record
TN:
SF:src/components/charts/SystemHealthHeatmap.tsx
FN:57,(anonymous_0)
FN:59,(anonymous_1)
FN:76,(anonymous_2)
FN:77,(anonymous_3)
FN:87,(anonymous_4)
FN:90,(anonymous_5)
FN:136,(anonymous_6)
FN:142,(anonymous_7)
FN:156,(anonymous_8)
FN:159,(anonymous_9)
FN:160,(anonymous_10)
FN:162,(anonymous_11)
FN:172,(anonymous_12)
FN:191,(anonymous_13)
FN:193,(anonymous_14)
FN:198,(anonymous_15)
FN:203,(anonymous_16)
FN:210,(anonymous_17)
FN:211,(anonymous_18)
FN:227,(anonymous_19)
FN:235,(anonymous_20)
FN:242,(anonymous_21)
FN:247,(anonymous_22)
FN:260,(anonymous_23)
FN:277,(anonymous_24)
FN:296,(anonymous_25)
FN:299,(anonymous_26)
FN:384,(anonymous_27)
FN:423,(anonymous_28)
FN:441,(anonymous_29)
FNF:30
FNH:0
FNDA:0,(anonymous_0)
FNDA:0,(anonymous_1)
FNDA:0,(anonymous_2)
FNDA:0,(anonymous_3)
FNDA:0,(anonymous_4)
FNDA:0,(anonymous_5)
FNDA:0,(anonymous_6)
FNDA:0,(anonymous_7)
FNDA:0,(anonymous_8)
FNDA:0,(anonymous_9)
FNDA:0,(anonymous_10)
FNDA:0,(anonymous_11)
FNDA:0,(anonymous_12)
FNDA:0,(anonymous_13)
FNDA:0,(anonymous_14)
FNDA:0,(anonymous_15)
FNDA:0,(anonymous_16)
FNDA:0,(anonymous_17)
FNDA:0,(anonymous_18)
FNDA:0,(anonymous_19)
FNDA:0,(anonymous_20)
FNDA:0,(anonymous_21)
FNDA:0,(anonymous_22)
FNDA:0,(anonymous_23)
FNDA:0,(anonymous_24)
FNDA:0,(anonymous_25)
FNDA:0,(anonymous_26)
FNDA:0,(anonymous_27)
FNDA:0,(anonymous_28)
FNDA:0,(anonymous_29)
DA:56,0
DA:57,0
DA:59,0
DA:70,0
DA:71,0
DA:72,0
DA:73,0
DA:76,0
DA:77,0
DA:87,0
DA:88,0
DA:90,0
DA:91,0
DA:93,0
DA:94,0
DA:96,0
DA:99,0
DA:100,0
DA:104,0
DA:105,0
DA:109,0
DA:110,0
DA:114,0
DA:116,0
DA:117,0
DA:118,0
DA:120,0
DA:136,0
DA:137,0
DA:142,0
DA:146,0
DA:155,0
DA:156,0
DA:159,0
DA:160,0
DA:162,0
DA:163,0
DA:164,0
DA:168,0
DA:172,0
DA:173,0
DA:175,0
DA:177,0
DA:178,0
DA:179,0
DA:181,0
DA:182,0
DA:185,0
DA:186,0
DA:191,0
DA:192,0
DA:193,0
DA:194,0
DA:198,0
DA:199,0
DA:200,0
DA:203,0
DA:204,0
DA:205,0
DA:208,0
DA:211,0
DA:212,0
DA:217,0
DA:218,0
DA:219,0
DA:220,0
DA:221,0
DA:222,0
DA:223,0
DA:227,0
DA:228,0
DA:236,0
DA:243,0
DA:248,0
DA:260,0
DA:278,0
DA:296,0
DA:297,0
DA:300,0
DA:347,0
DA:348,0
DA:360,0
DA:361,0
DA:373,0
DA:384,0
DA:423,0
DA:441,0
LF:87
LH:0
BRDA:61,0,0,0
BRDA:62,1,0,0
BRDA:63,2,0,0
BRDA:64,3,0,0
BRDA:67,4,0,0
BRDA:77,5,0,0
BRDA:77,5,1,0
BRDA:88,6,0,0
BRDA:88,6,1,0
BRDA:99,7,0,0
BRDA:99,7,1,0
BRDA:99,8,0,0
BRDA:99,8,1,0
BRDA:99,8,2,0
BRDA:99,8,3,0
BRDA:104,9,0,0
BRDA:104,9,1,0
BRDA:104,10,0,0
BRDA:104,10,1,0
BRDA:109,11,0,0
BRDA:109,11,1,0
BRDA:109,12,0,0
BRDA:109,12,1,0
BRDA:155,13,0,0
BRDA:155,13,1,0
BRDA:156,14,0,0
BRDA:156,14,1,0
BRDA:163,15,0,0
BRDA:163,15,1,0
BRDA:163,16,0,0
BRDA:163,16,1,0
BRDA:163,16,2,0
BRDA:163,16,3,0
BRDA:175,17,0,0
BRDA:175,17,1,0
BRDA:179,18,0,0
BRDA:179,18,1,0
BRDA:194,19,0,0
BRDA:194,19,1,0
BRDA:199,20,0,0
BRDA:199,20,1,0
BRDA:204,21,0,0
BRDA:204,21,1,0
BRDA:251,22,0,0
BRDA:251,22,1,0
BRDA:251,23,0,0
BRDA:251,23,1,0
BRDA:256,24,0,0
BRDA:256,24,1,0
BRDA:260,25,0,0
BRDA:260,25,1,0
BRDA:261,26,0,0
BRDA:261,26,1,0
BRDA:313,27,0,0
BRDA:313,27,1,0
BRDA:314,28,0,0
BRDA:314,28,1,0
BRDA:315,29,0,0
BRDA:315,29,1,0
BRDA:323,30,0,0
BRDA:323,30,1,0
BRDA:338,31,0,0
BRDA:338,31,1,0
BRDA:347,32,0,0
BRDA:347,32,1,0
BRDA:360,33,0,0
BRDA:360,33,1,0
BRDA:374,34,0,0
BRDA:374,34,1,0
BRDA:452,35,0,0
BRDA:452,35,1,0
BRDA:453,36,0,0
BRDA:453,36,1,0
BRDA:454,37,0,0
BRDA:454,37,1,0
BRDA:458,38,0,0
BRDA:458,38,1,0
BRDA:459,39,0,0
BRDA:459,39,1,0
BRDA:460,40,0,0
BRDA:460,40,1,0
BRDA:464,41,0,0
BRDA:464,41,1,0
BRDA:465,42,0,0
BRDA:465,42,1,0
BRDA:466,43,0,0
BRDA:466,43,1,0
BRDA:475,44,0,0
BRDA:475,44,1,0
BRDA:476,45,0,0
BRDA:476,45,1,0
BRDA:477,46,0,0
BRDA:477,46,1,0
BRDA:481,47,0,0
BRDA:481,47,1,0
BRDA:491,48,0,0
BRDA:491,48,1,0
BRDA:492,49,0,0
BRDA:492,49,1,0
BRDA:493,50,0,0
BRDA:493,50,1,0
BRDA:496,51,0,0
BRDA:496,51,1,0
BRF:103
BRH:0
end_of_record
TN:
SF:src/components/charts/TrendCorrelationChart.tsx
FN:93,(anonymous_0)
FN:109,(anonymous_1)
FN:116,(anonymous_2)
FN:117,(anonymous_3)
FN:121,(anonymous_4)
FN:134,(anonymous_5)
FN:135,(anonymous_6)
FN:154,(anonymous_7)
FN:158,(anonymous_8)
FN:161,(anonymous_9)
FN:183,(anonymous_10)
FN:188,(anonymous_11)
FN:189,(anonymous_12)
FN:196,(anonymous_13)
FN:203,(anonymous_14)
FN:204,(anonymous_15)
FN:218,(anonymous_16)
FN:221,(anonymous_17)
FN:222,(anonymous_18)
FN:238,(anonymous_19)
FN:253,(anonymous_20)
FN:255,(anonymous_21)
FN:256,(anonymous_22)
FN:257,(anonymous_23)
FN:258,(anonymous_24)
FN:259,(anonymous_25)
FN:267,(anonymous_26)
FN:269,(anonymous_27)
FN:270,(anonymous_28)
FN:271,(anonymous_29)
FN:272,(anonymous_30)
FN:273,(anonymous_31)
FN:275,(anonymous_32)
FN:276,(anonymous_33)
FN:277,(anonymous_34)
FN:278,(anonymous_35)
FN:279,(anonymous_36)
FN:284,(anonymous_37)
FN:303,(anonymous_38)
FN:309,(anonymous_39)
FN:316,(anonymous_40)
FN:317,(anonymous_41)
FN:318,(anonymous_42)
FN:336,(anonymous_43)
FN:338,(anonymous_44)
FN:357,(anonymous_45)
FN:360,(anonymous_46)
FN:378,(anonymous_47)
FN:379,(anonymous_48)
FN:380,(anonymous_49)
FN:381,(anonymous_50)
FN:384,(anonymous_51)
FN:385,(anonymous_52)
FN:387,(anonymous_53)
FN:392,(anonymous_54)
FN:414,(anonymous_55)
FN:420,(anonymous_56)
FN:421,(anonymous_57)
FN:435,(anonymous_58)
FN:443,(anonymous_59)
FN:455,(anonymous_60)
FN:468,(anonymous_61)
FN:471,(anonymous_62)
FN:506,(anonymous_63)
FN:509,(anonymous_64)
FN:585,(anonymous_65)
FN:597,(anonymous_66)
FN:616,(anonymous_67)
FN:629,(anonymous_68)
FN:634,(anonymous_69)
FNF:70
FNH:0
FNDA:0,(anonymous_0)
FNDA:0,(anonymous_1)
FNDA:0,(anonymous_2)
FNDA:0,(anonymous_3)
FNDA:0,(anonymous_4)
FNDA:0,(anonymous_5)
FNDA:0,(anonymous_6)
FNDA:0,(anonymous_7)
FNDA:0,(anonymous_8)
FNDA:0,(anonymous_9)
FNDA:0,(anonymous_10)
FNDA:0,(anonymous_11)
FNDA:0,(anonymous_12)
FNDA:0,(anonymous_13)
FNDA:0,(anonymous_14)
FNDA:0,(anonymous_15)
FNDA:0,(anonymous_16)
FNDA:0,(anonymous_17)
FNDA:0,(anonymous_18)
FNDA:0,(anonymous_19)
FNDA:0,(anonymous_20)
FNDA:0,(anonymous_21)
FNDA:0,(anonymous_22)
FNDA:0,(anonymous_23)
FNDA:0,(anonymous_24)
FNDA:0,(anonymous_25)
FNDA:0,(anonymous_26)
FNDA:0,(anonymous_27)
FNDA:0,(anonymous_28)
FNDA:0,(anonymous_29)
FNDA:0,(anonymous_30)
FNDA:0,(anonymous_31)
FNDA:0,(anonymous_32)
FNDA:0,(anonymous_33)
FNDA:0,(anonymous_34)
FNDA:0,(anonymous_35)
FNDA:0,(anonymous_36)
FNDA:0,(anonymous_37)
FNDA:0,(anonymous_38)
FNDA:0,(anonymous_39)
FNDA:0,(anonymous_40)
FNDA:0,(anonymous_41)
FNDA:0,(anonymous_42)
FNDA:0,(anonymous_43)
FNDA:0,(anonymous_44)
FNDA:0,(anonymous_45)
FNDA:0,(anonymous_46)
FNDA:0,(anonymous_47)
FNDA:0,(anonymous_48)
FNDA:0,(anonymous_49)
FNDA:0,(anonymous_50)
FNDA:0,(anonymous_51)
FNDA:0,(anonymous_52)
FNDA:0,(anonymous_53)
FNDA:0,(anonymous_54)
FNDA:0,(anonymous_55)
FNDA:0,(anonymous_56)
FNDA:0,(anonymous_57)
FNDA:0,(anonymous_58)
FNDA:0,(anonymous_59)
FNDA:0,(anonymous_60)
FNDA:0,(anonymous_61)
FNDA:0,(anonymous_62)
FNDA:0,(anonymous_63)
FNDA:0,(anonymous_64)
FNDA:0,(anonymous_65)
FNDA:0,(anonymous_66)
FNDA:0,(anonymous_67)
FNDA:0,(anonymous_68)
FNDA:0,(anonymous_69)
DA:93,0
DA:106,0
DA:107,0
DA:108,0
DA:109,0
DA:111,0
DA:112,0
DA:113,0
DA:116,0
DA:117,0
DA:121,0
DA:122,0
DA:124,0
DA:125,0
DA:126,0
DA:127,0
DA:130,0
DA:132,0
DA:133,0
DA:134,0
DA:135,0
DA:139,0
DA:140,0
DA:142,0
DA:154,0
DA:158,0
DA:159,0
DA:161,0
DA:163,0
DA:164,0
DA:165,0
DA:169,0
DA:170,0
DA:171,0
DA:175,0
DA:176,0
DA:179,0
DA:183,0
DA:184,0
DA:187,0
DA:188,0
DA:189,0
DA:190,0
DA:194,0
DA:196,0
DA:197,0
DA:203,0
DA:204,0
DA:205,0
DA:206,0
DA:207,0
DA:208,0
DA:209,0
DA:213,0
DA:218,0
DA:219,0
DA:221,0
DA:222,0
DA:223,0
DA:226,0
DA:227,0
DA:235,0
DA:238,0
DA:239,0
DA:241,0
DA:243,0
DA:245,0
DA:247,0
DA:249,0
DA:253,0
DA:254,0
DA:255,0
DA:256,0
DA:257,0
DA:258,0
DA:259,0
DA:261,0
DA:262,0
DA:264,0
DA:267,0
DA:269,0
DA:270,0
DA:271,0
DA:272,0
DA:273,0
DA:275,0
DA:276,0
DA:277,0
DA:278,0
DA:279,0
DA:281,0
DA:284,0
DA:286,0
DA:287,0
DA:289,0
DA:290,0
DA:291,0
DA:292,0
DA:294,0
DA:295,0
DA:299,0
DA:300,0
DA:303,0
DA:305,0
DA:306,0
DA:309,0
DA:310,0
DA:311,0
DA:312,0
DA:313,0
DA:316,0
DA:317,0
DA:318,0
DA:320,0
DA:321,0
DA:333,0
DA:336,0
DA:338,0
DA:339,0
DA:341,0
DA:342,0
DA:354,0
DA:357,0
DA:358,0
DA:360,0
DA:361,0
DA:362,0
DA:375,0
DA:378,0
DA:379,0
DA:380,0
DA:381,0
DA:384,0
DA:385,0
DA:386,0
DA:387,0
DA:392,0
DA:393,0
DA:400,0
DA:401,0
DA:404,0
DA:405,0
DA:406,0
DA:407,0
DA:408,0
DA:409,0
DA:410,0
DA:414,0
DA:415,0
DA:416,0
DA:421,0
DA:422,0
DA:432,0
DA:435,0
DA:436,0
DA:444,0
DA:455,0
DA:468,0
DA:469,0
DA:472,0
DA:506,0
DA:507,0
DA:510,0
DA:548,0
DA:549,0
DA:561,0
DA:562,0
DA:574,0
DA:585,0
DA:597,0
DA:616,0
DA:630,0
DA:634,0
LF:173
LH:0
BRDA:95,0,0,0
BRDA:96,1,0,0
BRDA:97,2,0,0
BRDA:98,3,0,0
BRDA:99,4,0,0
BRDA:103,5,0,0
BRDA:132,6,0,0
BRDA:132,6,1,0
BRDA:164,7,0,0
BRDA:164,7,1,0
BRDA:170,8,0,0
BRDA:170,8,1,0
BRDA:184,9,0,0
BRDA:184,9,1,0
BRDA:205,10,0,0
BRDA:205,10,1,0
BRDA:226,11,0,0
BRDA:226,11,1,0
BRDA:239,12,0,0
BRDA:239,12,1,0
BRDA:239,13,0,0
BRDA:239,13,1,0
BRDA:241,14,0,0
BRDA:241,14,1,0
BRDA:241,14,2,0
BRDA:241,14,3,0
BRDA:264,15,0,0
BRDA:264,15,1,0
BRDA:294,16,0,0
BRDA:294,16,1,0
BRDA:295,17,0,0
BRDA:295,17,1,0
BRDA:310,18,0,0
BRDA:310,18,1,0
BRDA:311,19,0,0
BRDA:311,19,1,0
BRDA:312,20,0,0
BRDA:312,20,1,0
BRDA:320,21,0,0
BRDA:320,21,1,0
BRDA:324,22,0,0
BRDA:324,22,1,0
BRDA:341,23,0,0
BRDA:341,23,1,0
BRDA:361,24,0,0
BRDA:361,24,1,0
BRDA:361,25,0,0
BRDA:361,25,1,0
BRDA:361,26,0,0
BRDA:361,26,1,0
BRDA:366,27,0,0
BRDA:366,27,1,0
BRDA:370,28,0,0
BRDA:370,28,1,0
BRDA:386,29,0,0
BRDA:386,29,1,0
BRDA:400,30,0,0
BRDA:400,30,1,0
BRDA:415,31,0,0
BRDA:415,31,1,0
BRDA:415,32,0,0
BRDA:415,32,1,0
BRDA:415,32,2,0
BRDA:424,33,0,0
BRDA:424,33,1,0
BRDA:455,34,0,0
BRDA:455,34,1,0
BRDA:477,35,0,0
BRDA:477,35,1,0
BRDA:478,36,0,0
BRDA:478,36,1,0
BRDA:497,37,0,0
BRDA:497,37,1,0
BRDA:515,38,0,0
BRDA:515,38,1,0
BRDA:516,39,0,0
BRDA:516,39,1,0
BRDA:517,40,0,0
BRDA:517,40,1,0
BRDA:539,41,0,0
BRDA:539,41,1,0
BRDA:548,42,0,0
BRDA:548,42,1,0
BRDA:561,43,0,0
BRDA:561,43,1,0
BRDA:575,44,0,0
BRDA:575,44,1,0
BRDA:632,45,0,0
BRDA:632,45,1,0
BRDA:637,46,0,0
BRDA:637,46,1,0
BRDA:696,47,0,0
BRDA:696,47,1,0
BRDA:697,48,0,0
BRDA:697,48,1,0
BRDA:698,49,0,0
BRDA:698,49,1,0
BRDA:699,50,0,0
BRDA:699,50,1,0
BRF:99
BRH:0
end_of_record
TN:
SF:src/components/charts/TrendLineChart.tsx
FN:23,(anonymous_0)
FN:38,(anonymous_1)
FN:48,(anonymous_2)
FN:54,(anonymous_3)
FN:55,(anonymous_4)
FN:57,(anonymous_5)
FN:58,(anonymous_6)
FN:73,(anonymous_7)
FN:75,(anonymous_8)
FN:82,(anonymous_9)
FN:86,(anonymous_10)
FN:125,(anonymous_11)
FN:128,(anonymous_12)
FNF:13
FNH:0
FNDA:0,(anonymous_0)
FNDA:0,(anonymous_1)
FNDA:0,(anonymous_2)
FNDA:0,(anonymous_3)
FNDA:0,(anonymous_4)
FNDA:0,(anonymous_5)
FNDA:0,(anonymous_6)
FNDA:0,(anonymous_7)
FNDA:0,(anonymous_8)
FNDA:0,(anonymous_9)
FNDA:0,(anonymous_10)
FNDA:0,(anonymous_11)
FNDA:0,(anonymous_12)
DA:23,0
DA:34,0
DA:35,0
DA:38,0
DA:39,0
DA:40,0
DA:41,0
DA:43,0
DA:44,0
DA:48,0
DA:51,0
DA:54,0
DA:56,0
DA:57,0
DA:58,0
DA:59,0
DA:62,0
DA:73,0
DA:74,0
DA:75,0
DA:78,0
DA:79,0
DA:82,0
DA:83,0
DA:86,0
DA:87,0
DA:88,0
DA:92,0
DA:113,0
DA:126,0
DA:128,0
LF:31
LH:0
BRDA:25,0,0,0
BRDA:26,1,0,0
BRDA:27,2,0,0
BRDA:28,3,0,0
BRDA:29,4,0,0
BRDA:39,5,0,0
BRDA:39,5,1,0
BRDA:40,6,0,0
BRDA:40,6,1,0
BRDA:54,7,0,0
BRDA:54,7,1,0
BRDA:59,8,0,0
BRDA:59,8,1,0
BRDA:74,9,0,0
BRDA:74,9,1,0
BRDA:97,10,0,0
BRDA:97,10,1,0
BRDA:99,11,0,0
BRDA:99,11,1,0
BRDA:101,12,0,0
BRDA:101,12,1,0
BRDA:123,13,0,0
BRDA:123,13,1,0
BRDA:130,14,0,0
BRDA:130,14,1,0
BRDA:149,15,0,0
BRDA:149,15,1,0
BRF:27
BRH:0
end_of_record
TN:
SF:src/components/charts/WordFrequencyChart.tsx
FN:91,(anonymous_0)
FN:114,(anonymous_1)
FN:115,(anonymous_2)
FN:137,(anonymous_3)
FN:156,(anonymous_4)
FN:157,(anonymous_5)
FN:167,(anonymous_6)
FN:168,(anonymous_7)
FN:201,(anonymous_8)
FN:206,(anonymous_9)
FN:213,(anonymous_10)
FN:228,(anonymous_11)
FN:252,(anonymous_12)
FN:269,(anonymous_13)
FN:284,(anonymous_14)
FN:287,(anonymous_15)
FN:297,(anonymous_16)
FN:307,(anonymous_17)
FN:309,(anonymous_18)
FN:310,(anonymous_19)
FN:311,(anonymous_20)
FN:320,(anonymous_21)
FN:328,(anonymous_22)
FN:332,(anonymous_23)
FN:334,(anonymous_24)
FN:343,(anonymous_25)
FN:363,(anonymous_26)
FN:369,(anonymous_27)
FN:376,(anonymous_28)
FN:428,(anonymous_29)
FN:476,(anonymous_30)
FN:493,(anonymous_31)
FN:499,(anonymous_32)
FN:512,(anonymous_33)
FN:546,(anonymous_34)
FN:550,(anonymous_35)
FNF:36
FNH:0
FNDA:0,(anonymous_0)
FNDA:0,(anonymous_1)
FNDA:0,(anonymous_2)
FNDA:0,(anonymous_3)
FNDA:0,(anonymous_4)
FNDA:0,(anonymous_5)
FNDA:0,(anonymous_6)
FNDA:0,(anonymous_7)
FNDA:0,(anonymous_8)
FNDA:0,(anonymous_9)
FNDA:0,(anonymous_10)
FNDA:0,(anonymous_11)
FNDA:0,(anonymous_12)
FNDA:0,(anonymous_13)
FNDA:0,(anonymous_14)
FNDA:0,(anonymous_15)
FNDA:0,(anonymous_16)
FNDA:0,(anonymous_17)
FNDA:0,(anonymous_18)
FNDA:0,(anonymous_19)
FNDA:0,(anonymous_20)
FNDA:0,(anonymous_21)
FNDA:0,(anonymous_22)
FNDA:0,(anonymous_23)
FNDA:0,(anonymous_24)
FNDA:0,(anonymous_25)
FNDA:0,(anonymous_26)
FNDA:0,(anonymous_27)
FNDA:0,(anonymous_28)
FNDA:0,(anonymous_29)
FNDA:0,(anonymous_30)
FNDA:0,(anonymous_31)
FNDA:0,(anonymous_32)
FNDA:0,(anonymous_33)
FNDA:0,(anonymous_34)
FNDA:0,(anonymous_35)
DA:86,0
DA:91,0
DA:104,0
DA:105,0
DA:106,0
DA:107,0
DA:108,0
DA:109,0
DA:110,0
DA:111,0
DA:114,0
DA:115,0
DA:117,0
DA:118,0
DA:122,0
DA:123,0
DA:127,0
DA:128,0
DA:129,0
DA:130,0
DA:133,0
DA:137,0
DA:138,0
DA:140,0
DA:142,0
DA:144,0
DA:146,0
DA:148,0
DA:152,0
DA:156,0
DA:157,0
DA:167,0
DA:168,0
DA:177,0
DA:180,0
DA:181,0
DA:182,0
DA:183,0
DA:186,0
DA:188,0
DA:198,0
DA:201,0
DA:202,0
DA:203,0
DA:206,0
DA:207,0
DA:208,0
DA:211,0
DA:214,0
DA:218,0
DA:219,0
DA:220,0
DA:221,0
DA:222,0
DA:223,0
DA:224,0
DA:228,0
DA:229,0
DA:230,0
DA:231,0
DA:249,0
DA:252,0
DA:253,0
DA:269,0
DA:284,0
DA:285,0
DA:288,0
DA:297,0
DA:307,0
DA:309,0
DA:310,0
DA:311,0
DA:320,0
DA:321,0
DA:328,0
DA:332,0
DA:335,0
DA:343,0
DA:344,0
DA:363,0
DA:369,0
DA:370,0
DA:377,0
DA:391,0
DA:392,0
DA:404,0
DA:405,0
DA:417,0
DA:428,0
DA:476,0
DA:493,0
DA:499,0
DA:512,0
DA:546,0
DA:550,0
LF:95
LH:0
BRDA:93,0,0,0
BRDA:94,1,0,0
BRDA:95,2,0,0
BRDA:96,3,0,0
BRDA:97,4,0,0
BRDA:98,5,0,0
BRDA:101,6,0,0
BRDA:117,7,0,0
BRDA:117,7,1,0
BRDA:117,8,0,0
BRDA:117,8,1,0
BRDA:122,9,0,0
BRDA:122,9,1,0
BRDA:127,10,0,0
BRDA:127,10,1,0
BRDA:127,11,0,0
BRDA:127,11,1,0
BRDA:128,12,0,0
BRDA:128,12,1,0
BRDA:128,13,0,0
BRDA:128,13,1,0
BRDA:129,14,0,0
BRDA:129,14,1,0
BRDA:129,15,0,0
BRDA:129,15,1,0
BRDA:130,16,0,0
BRDA:130,16,1,0
BRDA:130,17,0,0
BRDA:130,17,1,0
BRDA:138,18,0,0
BRDA:138,18,1,0
BRDA:138,18,2,0
BRDA:138,18,3,0
BRDA:138,18,4,0
BRDA:142,19,0,0
BRDA:142,19,1,0
BRDA:142,20,0,0
BRDA:142,20,1,0
BRDA:144,21,0,0
BRDA:144,21,1,0
BRDA:144,22,0,0
BRDA:144,22,1,0
BRDA:160,23,0,0
BRDA:160,23,1,0
BRDA:161,24,0,0
BRDA:161,24,1,0
BRDA:161,25,0,0
BRDA:161,25,1,0
BRDA:172,26,0,0
BRDA:172,26,1,0
BRDA:186,27,0,0
BRDA:186,27,1,0
BRDA:186,28,0,0
BRDA:186,28,1,0
BRDA:202,29,0,0
BRDA:202,29,1,0
BRDA:207,30,0,0
BRDA:207,30,1,0
BRDA:214,31,0,0
BRDA:214,31,1,0
BRDA:214,32,0,0
BRDA:214,32,1,0
BRDA:214,33,0,0
BRDA:214,33,1,0
BRDA:214,34,0,0
BRDA:214,34,1,0
BRDA:229,35,0,0
BRDA:229,35,1,0
BRDA:229,36,0,0
BRDA:229,36,1,0
BRDA:229,36,2,0
BRDA:236,37,0,0
BRDA:236,37,1,0
BRDA:239,38,0,0
BRDA:239,38,1,0
BRDA:242,39,0,0
BRDA:242,39,1,0
BRDA:272,40,0,0
BRDA:272,40,1,0
BRDA:290,41,0,0
BRDA:290,41,1,0
BRDA:294,42,0,0
BRDA:294,42,1,0
BRDA:295,43,0,0
BRDA:295,43,1,0
BRDA:295,44,0,0
BRDA:295,44,1,0
BRDA:298,45,0,0
BRDA:298,45,1,0
BRDA:304,46,0,0
BRDA:304,46,1,0
BRDA:307,47,0,0
BRDA:307,47,1,0
BRDA:310,48,0,0
BRDA:310,48,1,0
BRDA:391,49,0,0
BRDA:391,49,1,0
BRDA:404,50,0,0
BRDA:404,50,1,0
BRDA:418,51,0,0
BRDA:418,51,1,0
BRDA:457,52,0,0
BRDA:457,52,1,0
BRDA:484,53,0,0
BRDA:484,53,1,0
BRDA:546,54,0,0
BRDA:546,54,1,0
BRDA:548,55,0,0
BRDA:548,55,1,0
BRDA:550,56,0,0
BRDA:550,56,1,0
BRDA:550,57,0,0
BRDA:550,57,1,0
BRDA:557,58,0,0
BRDA:557,58,1,0
BRDA:558,59,0,0
BRDA:558,59,1,0
BRDA:559,60,0,0
BRDA:559,60,1,0
BRDA:560,61,0,0
BRDA:560,61,1,0
BRDA:561,62,0,0
BRDA:561,62,1,0
BRDA:562,63,0,0
BRDA:562,63,1,0
BRF:125
BRH:0
end_of_record
TN:
SF:src/components/charts/index.ts
FN:4,(anonymous_0)
FN:5,(anonymous_1)
FN:8,(anonymous_2)
FN:9,(anonymous_3)
FN:12,(anonymous_4)
FN:13,(anonymous_5)
FN:16,(anonymous_6)
FN:17,(anonymous_7)
FN:20,(anonymous_8)
FN:21,(anonymous_9)
FN:24,(anonymous_10)
FN:25,(anonymous_11)
FN:28,(anonymous_12)
FN:29,(anonymous_13)
FN:32,(anonymous_14)
FN:33,(anonymous_15)
FN:36,(anonymous_16)
FN:37,(anonymous_17)
FN:40,(anonymous_18)
FN:41,(anonymous_19)
FN:44,(anonymous_20)
FN:45,(anonymous_21)
FN:48,(anonymous_22)
FN:49,(anonymous_23)
FN:52,(anonymous_24)
FN:53,(anonymous_25)
FNF:26
FNH:0
FNDA:0,(anonymous_0)
FNDA:0,(anonymous_1)
FNDA:0,(anonymous_2)
FNDA:0,(anonymous_3)
FNDA:0,(anonymous_4)
FNDA:0,(anonymous_5)
FNDA:0,(anonymous_6)
FNDA:0,(anonymous_7)
FNDA:0,(anonymous_8)
FNDA:0,(anonymous_9)
FNDA:0,(anonymous_10)
FNDA:0,(anonymous_11)
FNDA:0,(anonymous_12)
FNDA:0,(anonymous_13)
FNDA:0,(anonymous_14)
FNDA:0,(anonymous_15)
FNDA:0,(anonymous_16)
FNDA:0,(anonymous_17)
FNDA:0,(anonymous_18)
FNDA:0,(anonymous_19)
FNDA:0,(anonymous_20)
FNDA:0,(anonymous_21)
FNDA:0,(anonymous_22)
FNDA:0,(anonymous_23)
FNDA:0,(anonymous_24)
FNDA:0,(anonymous_25)
DA:4,0
DA:5,0
DA:8,0
DA:9,0
DA:12,0
DA:13,0
DA:16,0
DA:17,0
DA:20,0
DA:21,0
DA:24,0
DA:25,0
DA:28,0
DA:29,0
DA:32,0
DA:33,0
DA:36,0
DA:37,0
DA:40,0
DA:41,0
DA:44,0
DA:45,0
DA:48,0
DA:49,0
DA:52,0
DA:53,0
LF:26
LH:0
BRF:0
BRH:0
end_of_record
TN:
SF:src/components/common/ErrorHandler.tsx
FN:155,(anonymous_0)
FN:163,(anonymous_1)
FN:178,(anonymous_2)
FN:211,(anonymous_3)
FN:228,(anonymous_4)
FN:268,(anonymous_5)
FN:272,(anonymous_6)
FN:323,(anonymous_7)
FN:376,(anonymous_8)
FN:420,(anonymous_9)
FN:433,(anonymous_10)
FN:434,(anonymous_11)
FN:436,(anonymous_12)
FN:437,(anonymous_13)
FN:441,(anonymous_14)
FN:445,(anonymous_15)
FN:450,(anonymous_16)
FN:456,(anonymous_17)
FN:490,(anonymous_18)
FN:494,(anonymous_19)
FN:495,(anonymous_20)
FN:496,(anonymous_21)
FN:497,(anonymous_22)
FN:510,(anonymous_23)
FN:511,(anonymous_24)
FN:543,(anonymous_25)
FN:560,(anonymous_26)
FN:568,(anonymous_27)
FN:572,(anonymous_28)
FN:603,(anonymous_29)
FN:665,(anonymous_30)
FN:678,(anonymous_31)
FN:687,(anonymous_32)
FN:711,(anonymous_33)
FN:714,(anonymous_34)
FN:724,(anonymous_35)
FN:732,(anonymous_36)
FN:733,(anonymous_37)
FN:733,(anonymous_38)
FN:736,(anonymous_39)
FN:737,(anonymous_40)
FN:746,(anonymous_41)
FN:747,(anonymous_42)
FN:777,(anonymous_43)
FN:792,(anonymous_44)
FN:814,(anonymous_45)
FN:825,(anonymous_46)
FN:837,(anonymous_47)
FN:848,(anonymous_48)
FN:859,(anonymous_49)
FNF:50
FNH:0
FNDA:0,(anonymous_0)
FNDA:0,(anonymous_1)
FNDA:0,(anonymous_2)
FNDA:0,(anonymous_3)
FNDA:0,(anonymous_4)
FNDA:0,(anonymous_5)
FNDA:0,(anonymous_6)
FNDA:0,(anonymous_7)
FNDA:0,(anonymous_8)
FNDA:0,(anonymous_9)
FNDA:0,(anonymous_10)
FNDA:0,(anonymous_11)
FNDA:0,(anonymous_12)
FNDA:0,(anonymous_13)
FNDA:0,(anonymous_14)
FNDA:0,(anonymous_15)
FNDA:0,(anonymous_16)
FNDA:0,(anonymous_17)
FNDA:0,(anonymous_18)
FNDA:0,(anonymous_19)
FNDA:0,(anonymous_20)
FNDA:0,(anonymous_21)
FNDA:0,(anonymous_22)
FNDA:0,(anonymous_23)
FNDA:0,(anonymous_24)
FNDA:0,(anonymous_25)
FNDA:0,(anonymous_26)
FNDA:0,(anonymous_27)
FNDA:0,(anonymous_28)
FNDA:0,(anonymous_29)
FNDA:0,(anonymous_30)
FNDA:0,(anonymous_31)
FNDA:0,(anonymous_32)
FNDA:0,(anonymous_33)
FNDA:0,(anonymous_34)
FNDA:0,(anonymous_35)
FNDA:0,(anonymous_36)
FNDA:0,(anonymous_37)
FNDA:0,(anonymous_38)
FNDA:0,(anonymous_39)
FNDA:0,(anonymous_40)
FNDA:0,(anonymous_41)
FNDA:0,(anonymous_42)
FNDA:0,(anonymous_43)
FNDA:0,(anonymous_44)
FNDA:0,(anonymous_45)
FNDA:0,(anonymous_46)
FNDA:0,(anonymous_47)
FNDA:0,(anonymous_48)
FNDA:0,(anonymous_49)
DA:71,0
DA:112,0
DA:122,0
DA:155,0
DA:163,0
DA:164,0
DA:166,0
DA:168,0
DA:170,0
DA:172,0
DA:174,0
DA:178,0
DA:179,0
DA:182,0
DA:184,0
DA:186,0
DA:188,0
DA:190,0
DA:194,0
DA:196,0
DA:198,0
DA:200,0
DA:202,0
DA:204,0
DA:206,0
DA:211,0
DA:212,0
DA:214,0
DA:216,0
DA:218,0
DA:220,0
DA:222,0
DA:224,0
DA:228,0
DA:229,0
DA:230,0
DA:234,0
DA:237,0
DA:238,0
DA:239,0
DA:240,0
DA:241,0
DA:242,0
DA:243,0
DA:246,0
DA:247,0
DA:248,0
DA:249,0
DA:250,0
DA:251,0
DA:252,0
DA:255,0
DA:256,0
DA:257,0
DA:258,0
DA:259,0
DA:260,0
DA:264,0
DA:265,0
DA:268,0
DA:269,0
DA:272,0
DA:273,0
DA:276,0
DA:277,0
DA:278,0
DA:280,0
DA:324,0
DA:376,0
DA:420,0
DA:429,0
DA:430,0
DA:433,0
DA:434,0
DA:436,0
DA:437,0
DA:438,0
DA:441,0
DA:445,0
DA:446,0
DA:447,0
DA:450,0
DA:451,0
DA:452,0
DA:455,0
DA:458,0
DA:459,0
DA:460,0
DA:461,0
DA:465,0
DA:466,0
DA:469,0
DA:491,0
DA:494,0
DA:495,0
DA:496,0
DA:497,0
DA:511,0
DA:512,0
DA:514,0
DA:516,0
DA:518,0
DA:520,0
DA:522,0
DA:526,0
DA:528,0
DA:530,0
DA:532,0
DA:534,0
DA:536,0
DA:538,0
DA:543,0
DA:544,0
DA:546,0
DA:548,0
DA:550,0
DA:552,0
DA:554,0
DA:556,0
DA:560,0
DA:561,0
DA:562,0
DA:564,0
DA:565,0
DA:568,0
DA:569,0
DA:572,0
DA:573,0
DA:576,0
DA:604,0
DA:666,0
DA:667,0
DA:678,0
DA:688,0
DA:689,0
DA:711,0
DA:712,0
DA:714,0
DA:715,0
DA:724,0
DA:727,0
DA:729,0
DA:732,0
DA:733,0
DA:736,0
DA:737,0
DA:738,0
DA:740,0
DA:741,0
DA:743,0
DA:746,0
DA:747,0
DA:748,0
DA:750,0
DA:753,0
DA:766,0
DA:777,0
DA:778,0
DA:781,0
DA:792,0
DA:798,0
DA:814,0
DA:815,0
DA:825,0
DA:826,0
DA:837,0
DA:838,0
DA:848,0
DA:849,0
DA:859,0
DA:860,0
LF:171
LH:0
BRDA:161,0,0,0
BRDA:164,1,0,0
BRDA:164,1,1,0
BRDA:164,1,2,0
BRDA:164,1,3,0
BRDA:164,1,4,0
BRDA:182,2,0,0
BRDA:182,2,1,0
BRDA:182,2,2,0
BRDA:182,2,3,0
BRDA:182,2,4,0
BRDA:182,2,5,0
BRDA:190,3,0,0
BRDA:190,3,1,0
BRDA:196,4,0,0
BRDA:196,4,1,0
BRDA:196,4,2,0
BRDA:196,4,3,0
BRDA:196,4,4,0
BRDA:212,5,0,0
BRDA:212,5,1,0
BRDA:212,5,2,0
BRDA:212,5,3,0
BRDA:212,5,4,0
BRDA:212,5,5,0
BRDA:229,6,0,0
BRDA:229,6,1,0
BRDA:229,7,0,0
BRDA:229,7,1,0
BRDA:237,8,0,0
BRDA:237,8,1,0
BRDA:239,9,0,0
BRDA:239,9,1,0
BRDA:240,10,0,0
BRDA:240,10,1,0
BRDA:241,11,0,0
BRDA:241,11,1,0
BRDA:241,12,0,0
BRDA:241,12,1,0
BRDA:242,13,0,0
BRDA:242,13,1,0
BRDA:242,14,0,0
BRDA:242,14,1,0
BRDA:246,15,0,0
BRDA:246,15,1,0
BRDA:248,16,0,0
BRDA:248,16,1,0
BRDA:249,17,0,0
BRDA:249,17,1,0
BRDA:249,18,0,0
BRDA:249,18,1,0
BRDA:250,19,0,0
BRDA:250,19,1,0
BRDA:251,20,0,0
BRDA:251,20,1,0
BRDA:251,21,0,0
BRDA:251,21,1,0
BRDA:255,22,0,0
BRDA:255,22,1,0
BRDA:257,23,0,0
BRDA:257,23,1,0
BRDA:257,24,0,0
BRDA:257,24,1,0
BRDA:258,25,0,0
BRDA:258,25,1,0
BRDA:258,26,0,0
BRDA:258,26,1,0
BRDA:259,27,0,0
BRDA:259,27,1,0
BRDA:259,28,0,0
BRDA:259,28,1,0
BRDA:264,29,0,0
BRDA:264,29,1,0
BRDA:269,30,0,0
BRDA:269,30,1,0
BRDA:269,30,2,0
BRDA:273,31,0,0
BRDA:273,31,1,0
BRDA:273,32,0,0
BRDA:273,32,1,0
BRDA:292,33,0,0
BRDA:292,33,1,0
BRDA:299,34,0,0
BRDA:299,34,1,0
BRDA:310,35,0,0
BRDA:310,35,1,0
BRDA:317,36,0,0
BRDA:317,36,1,0
BRDA:337,37,0,0
BRDA:337,37,1,0
BRDA:345,38,0,0
BRDA:345,38,1,0
BRDA:345,38,2,0
BRDA:360,39,0,0
BRDA:360,39,1,0
BRDA:425,40,0,0
BRDA:426,41,0,0
BRDA:427,42,0,0
BRDA:460,43,0,0
BRDA:460,43,1,0
BRDA:465,44,0,0
BRDA:465,44,1,0
BRDA:473,45,0,0
BRDA:473,45,1,0
BRDA:510,46,0,0
BRDA:510,46,1,0
BRDA:514,47,0,0
BRDA:514,47,1,0
BRDA:514,47,2,0
BRDA:514,47,3,0
BRDA:514,47,4,0
BRDA:514,47,5,0
BRDA:522,48,0,0
BRDA:522,48,1,0
BRDA:528,49,0,0
BRDA:528,49,1,0
BRDA:528,49,2,0
BRDA:528,49,3,0
BRDA:528,49,4,0
BRDA:544,50,0,0
BRDA:544,50,1,0
BRDA:544,50,2,0
BRDA:544,50,3,0
BRDA:544,50,4,0
BRDA:544,50,5,0
BRDA:561,51,0,0
BRDA:561,51,1,0
BRDA:561,52,0,0
BRDA:561,52,1,0
BRDA:564,53,0,0
BRDA:564,53,1,0
BRDA:569,54,0,0
BRDA:569,54,1,0
BRDA:569,55,0,0
BRDA:569,55,1,0
BRDA:573,56,0,0
BRDA:573,56,1,0
BRDA:573,56,2,0
BRDA:590,57,0,0
BRDA:590,57,1,0
BRDA:621,58,0,0
BRDA:621,58,1,0
BRDA:635,59,0,0
BRDA:635,59,1,0
BRDA:642,60,0,0
BRDA:642,60,1,0
BRDA:642,60,2,0
BRDA:651,61,0,0
BRDA:651,61,1,0
BRDA:662,62,0,0
BRDA:662,62,1,0
BRDA:720,63,0,0
BRDA:720,63,1,0
BRDA:720,63,2,0
BRDA:721,64,0,0
BRDA:721,64,1,0
BRDA:721,65,0,0
BRDA:721,65,1,0
BRDA:738,66,0,0
BRDA:738,66,1,0
BRDA:738,67,0,0
BRDA:738,67,1,0
BRDA:748,68,0,0
BRDA:748,68,1,0
BRDA:796,69,0,0
BRDA:802,70,0,0
BRDA:802,70,1,0
BRDA:802,70,2,0
BRDA:803,71,0,0
BRDA:803,71,1,0
BRDA:815,72,0,0
BRDA:815,72,1,0
BRDA:828,73,0,0
BRDA:828,73,1,0
BRDA:838,74,0,0
BRDA:838,74,1,0
BRDA:849,75,0,0
BRDA:849,75,1,0
BRF:178
BRH:0
end_of_record
TN:
SF:src/components/common/ErrorSystemDemo.tsx
FN:20,(anonymous_0)
FN:39,(anonymous_1)
FN:47,(anonymous_2)
FN:55,(anonymous_3)
FN:63,(anonymous_4)
FN:73,(anonymous_5)
FN:81,(anonymous_6)
FN:85,(anonymous_7)
FN:90,(anonymous_8)
FN:95,(anonymous_9)
FN:100,(anonymous_10)
FN:107,(anonymous_11)
FN:193,(anonymous_12)
FN:196,(anonymous_13)
FNF:14
FNH:0
FNDA:0,(anonymous_0)
FNDA:0,(anonymous_1)
FNDA:0,(anonymous_2)
FNDA:0,(anonymous_3)
FNDA:0,(anonymous_4)
FNDA:0,(anonymous_5)
FNDA:0,(anonymous_6)
FNDA:0,(anonymous_7)
FNDA:0,(anonymous_8)
FNDA:0,(anonymous_9)
FNDA:0,(anonymous_10)
FNDA:0,(anonymous_11)
FNDA:0,(anonymous_12)
FNDA:0,(anonymous_13)
DA:20,0
DA:28,0
DA:37,0
DA:39,0
DA:40,0
DA:47,0
DA:48,0
DA:55,0
DA:56,0
DA:63,0
DA:64,0
DA:73,0
DA:74,0
DA:81,0
DA:82,0
DA:85,0
DA:90,0
DA:91,0
DA:95,0
DA:100,0
DA:101,0
DA:102,0
DA:103,0
DA:107,0
DA:108,0
DA:111,0
DA:193,0
DA:196,0
LF:28
LH:0
BRDA:102,0,0,0
BRDA:102,0,1,0
BRDA:208,1,0,0
BRDA:208,1,1,0
BRF:4
BRH:0
end_of_record
TN:
SF:src/components/common/ErrorToast.tsx
FN:22,(anonymous_0)
FN:32,(anonymous_1)
FN:34,(anonymous_2)
FN:38,(anonymous_3)
FN:42,(anonymous_4)
FN:44,(anonymous_5)
FN:50,(anonymous_6)
FN:155,(anonymous_7)
FN:161,(anonymous_8)
FN:174,(anonymous_9)
FN:183,(anonymous_10)
FN:195,(anonymous_11)
FN:215,(anonymous_12)
FN:219,(anonymous_13)
FN:220,(anonymous_14)
FN:220,(anonymous_15)
FN:223,(anonymous_16)
FN:228,(anonymous_17)
FN:231,(anonymous_18)
FN:234,(anonymous_19)
FN:237,(anonymous_20)
FNF:21
FNH:0
FNDA:0,(anonymous_0)
FNDA:0,(anonymous_1)
FNDA:0,(anonymous_2)
FNDA:0,(anonymous_3)
FNDA:0,(anonymous_4)
FNDA:0,(anonymous_5)
FNDA:0,(anonymous_6)
FNDA:0,(anonymous_7)
FNDA:0,(anonymous_8)
FNDA:0,(anonymous_9)
FNDA:0,(anonymous_10)
FNDA:0,(anonymous_11)
FNDA:0,(anonymous_12)
FNDA:0,(anonymous_13)
FNDA:0,(anonymous_14)
FNDA:0,(anonymous_15)
FNDA:0,(anonymous_16)
FNDA:0,(anonymous_17)
FNDA:0,(anonymous_18)
FNDA:0,(anonymous_19)
FNDA:0,(anonymous_20)
DA:22,0
DA:29,0
DA:30,0
DA:32,0
DA:33,0
DA:34,0
DA:35,0
DA:38,0
DA:42,0
DA:43,0
DA:44,0
DA:45,0
DA:46,0
DA:50,0
DA:51,0
DA:53,0
DA:59,0
DA:65,0
DA:71,0
DA:77,0
DA:85,0
DA:87,0
DA:89,0
DA:155,0
DA:159,0
DA:162,0
DA:174,0
DA:183,0
DA:184,0
DA:195,0
DA:206,0
DA:207,0
DA:215,0
DA:216,0
DA:219,0
DA:220,0
DA:223,0
DA:224,0
DA:228,0
DA:229,0
DA:231,0
DA:232,0
DA:234,0
DA:235,0
DA:237,0
DA:238,0
DA:240,0
LF:47
LH:0
BRDA:24,0,0,0
BRDA:25,1,0,0
BRDA:33,2,0,0
BRDA:33,2,1,0
BRDA:51,3,0,0
BRDA:51,3,1,0
BRDA:51,3,2,0
BRDA:51,3,3,0
BRDA:51,3,4,0
BRDA:85,4,0,0
BRDA:85,4,1,0
BRDA:94,5,0,0
BRDA:94,5,1,0
BRDA:112,6,0,0
BRDA:112,6,1,0
BRDA:197,7,0,0
BRDA:211,8,0,0
BRDA:211,8,1,0
BRF:18
BRH:0
end_of_record
TN:
SF:src/components/common/LazyLoader.tsx
FN:16,useLazyLoad
FN:27,(anonymous_1)
FN:32,(anonymous_2)
FN:52,(anonymous_3)
FN:72,LazyLoader
FN:84,DefaultPlaceholder
FN:110,(anonymous_6)
FN:119,(anonymous_7)
FN:126,(anonymous_8)
FN:131,(anonymous_9)
FN:137,(anonymous_10)
FN:141,(anonymous_11)
FN:142,(anonymous_12)
FN:151,(anonymous_13)
FN:192,LazyComponent
FN:207,(anonymous_15)
FN:215,(anonymous_16)
FN:223,(anonymous_17)
FN:225,(anonymous_18)
FN:231,(anonymous_19)
FN:238,(anonymous_20)
FN:293,useProgressiveEnhancement
FN:302,(anonymous_22)
FN:307,(anonymous_23)
FN:311,(anonymous_24)
FN:315,(anonymous_25)
FN:342,LazyImage
FN:368,(anonymous_27)
FN:369,(anonymous_28)
FN:398,(anonymous_29)
FN:402,(anonymous_30)
FN:408,(anonymous_31)
FN:447,(anonymous_32)
FN:451,(anonymous_33)
FNF:34
FNH:0
FNDA:0,useLazyLoad
FNDA:0,(anonymous_1)
FNDA:0,(anonymous_2)
FNDA:0,(anonymous_3)
FNDA:0,LazyLoader
FNDA:0,DefaultPlaceholder
FNDA:0,(anonymous_6)
FNDA:0,(anonymous_7)
FNDA:0,(anonymous_8)
FNDA:0,(anonymous_9)
FNDA:0,(anonymous_10)
FNDA:0,(anonymous_11)
FNDA:0,(anonymous_12)
FNDA:0,(anonymous_13)
FNDA:0,LazyComponent
FNDA:0,(anonymous_15)
FNDA:0,(anonymous_16)
FNDA:0,(anonymous_17)
FNDA:0,(anonymous_18)
FNDA:0,(anonymous_19)
FNDA:0,(anonymous_20)
FNDA:0,useProgressiveEnhancement
FNDA:0,(anonymous_22)
FNDA:0,(anonymous_23)
FNDA:0,(anonymous_24)
FNDA:0,(anonymous_25)
FNDA:0,LazyImage
FNDA:0,(anonymous_27)
FNDA:0,(anonymous_28)
FNDA:0,(anonymous_29)
FNDA:0,(anonymous_30)
[...]
DA:213,0
DA:214,0
DA:215,0
DA:217,0
DA:221,0
DA:222,0
DA:223,0
DA:225,0
DA:227,0
DA:228,0
DA:229,0
DA:231,0
DA:235,0
DA:237,0
DA:238,0
DA:239,0
DA:240,0
DA:241,0
DA:242,0
DA:244,0
DA:245,0
DA:246,0
DA:247,0
DA:250,0
DA:251,0
DA:254,0
DA:255,0
DA:256,0
DA:259,0
DA:269,0
DA:273,0
DA:274,0
DA:276,0
DA:280,0
DA:284,0
DA:288,0
DA:292,0
DA:300,0
DA:301,0
DA:303,0
DA:304,0
DA:305,0
DA:307,0
DA:308,0
DA:309,0
DA:310,0
DA:313,0
DA:324,0
DA:325,0
DA:326,0
DA:337,0
DA:338,0
DA:339,0
DA:340,0
DA:341,0
DA:348,0
LF:134
LH:0
BRDA:40,0,0,0
BRDA:40,0,1,0
BRDA:57,1,0,0
BRDA:57,1,1,0
BRDA:57,1,2,0
BRDA:57,1,3,0
BRDA:57,1,4,0
BRDA:77,2,0,0
BRDA:77,2,1,0
BRDA:91,3,0,0
BRDA:91,3,1,0
BRDA:92,4,0,0
BRDA:92,4,1,0
BRDA:101,5,0,0
BRDA:101,5,1,0
BRDA:101,6,0,0
BRDA:101,6,1,0
BRDA:119,7,0,0
BRDA:119,7,1,0
BRDA:119,8,0,0
BRDA:119,8,1,0
BRDA:136,9,0,0
BRDA:136,9,1,0
BRDA:142,10,0,0
BRDA:142,10,1,0
BRDA:144,11,0,0
BRDA:144,11,1,0
BRDA:145,12,0,0
BRDA:145,12,1,0
BRDA:146,13,0,0
BRDA:146,13,1,0
BRDA:147,14,0,0
BRDA:147,14,1,0
BRDA:148,15,0,0
BRDA:148,15,1,0
BRDA:170,16,0,0
BRDA:170,16,1,0
BRDA:170,17,0,0
BRDA:170,17,1,0
BRDA:175,18,0,0
BRDA:175,18,1,0
BRDA:175,19,0,0
BRDA:175,19,1,0
BRDA:180,20,0,0
BRDA:180,20,1,0
BRDA:180,21,0,0
BRDA:180,21,1,0
BRDA:185,22,0,0
BRDA:185,22,1,0
BRDA:185,23,0,0
BRDA:185,23,1,0
BRDA:191,24,0,0
BRDA:191,24,1,0
BRDA:193,25,0,0
BRDA:193,25,1,0
BRDA:198,26,0,0
BRDA:198,26,1,0
BRDA:246,27,0,0
BRDA:246,27,1,0
BRDA:254,28,0,0
BRDA:254,28,1,0
BRDA:273,29,0,0
BRDA:273,29,1,0
BRDA:304,30,0,0
BRDA:304,30,1,0
BRDA:305,31,0,0
BRDA:305,31,1,0
BRDA:338,32,0,0
BRDA:338,32,1,0
BRF:69
BRH:0
end_of_record
TN:
SF:src/utils/performanceOptimizer.ts
FN:32,(anonymous_0)
FN:36,(anonymous_1)
FN:43,(anonymous_2)
FN:55,(anonymous_3)
FN:64,(anonymous_4)
FN:107,(anonymous_5)
FN:125,(anonymous_6)
FN:177,(anonymous_7)
FN:186,(anonymous_8)
FN:189,(anonymous_9)
FN:198,(anonymous_10)
FN:201,(anonymous_11)
FN:210,(anonymous_12)
FN:213,(anonymous_13)
FN:222,(anonymous_14)
FN:226,(anonymous_15)
FN:274,(anonymous_16)
FN:284,(anonymous_17)
FN:287,(anonymous_18)
FN:297,(anonymous_19)
FN:300,(anonymous_20)
FN:310,(anonymous_21)
FN:314,(anonymous_22)
FN:341,(anonymous_23)
FN:360,(anonymous_24)
FN:370,(anonymous_25)
FN:383,(anonymous_26)
FN:387,(anonymous_27)
FN:394,(anonymous_28)
FN:402,(anonymous_29)
FN:416,(anonymous_30)
FN:420,(anonymous_31)
FN:436,(anonymous_32)
FN:440,(anonymous_33)
FN:453,(anonymous_34)
FN:457,(anonymous_35)
FN:461,(anonymous_36)
FN:476,(anonymous_37)
FN:491,(anonymous_38)
FN:498,(anonymous_39)
FN:502,(anonymous_40)
FN:513,(anonymous_41)
FN:519,(anonymous_42)
FN:521,(anonymous_43)
FN:526,(anonymous_44)
FN:532,(anonymous_45)
FN:536,(anonymous_46)
FN:541,(anonymous_47)
FN:546,(anonymous_48)
FN:547,(anonymous_49)
FN:553,(anonymous_50)
FN:556,(anonymous_51)
FN:559,(anonymous_52)
FN:563,(anonymous_53)
FNF:54
FNH:0
FNDA:0,(anonymous_0)
FNDA:0,(anonymous_1)
FNDA:0,(anonymous_2)
FNDA:0,(anonymous_3)
FNDA:0,(anonymous_4)
FNDA:0,(anonymous_5)
FNDA:0,(anonymous_6)
FNDA:0,(anonymous_7)
FNDA:0,(anonymous_8)
FNDA:0,(anonymous_9)
FNDA:0,(anonymous_10)
FNDA:0,(anonymous_11)
FNDA:0,(anonymous_12)
FNDA:0,(anonymous_13)
FNDA:0,(anonymous_14)
FNDA:0,(anonymous_15)
FNDA:0,(anonymous_16)
FNDA:0,(anonymous_17)
FNDA:0,(anonymous_18)
FNDA:0,(anonymous_19)
FNDA:0,(anonymous_20)
FNDA:0,(anonymous_21)
FNDA:0,(anonymous_22)
FNDA:0,(anonymous_23)
FNDA:0,(anonymous_24)
FNDA:0,(anonymous_25)
FNDA:0,(anonymous_26)
FNDA:0,(anonymous_27)
FNDA:0,(anonymous_28)
FNDA:0,(anonymous_29)
FNDA:0,(anonymous_30)
FNDA:0,(anonymous_31)
FNDA:0,(anonymous_32)
FNDA:0,(anonymous_33)
FNDA:0,(anonymous_34)
FNDA:0,(anonymous_35)
FNDA:0,(anonymous_36)
FNDA:0,(anonymous_37)
FNDA:0,(anonymous_38)
FNDA:0,(anonymous_39)
FNDA:0,(anonymous_40)
FNDA:0,(anonymous_41)
FNDA:0,(anonymous_42)
FNDA:0,(anonymous_43)
FNDA:0,(anonymous_44)
FNDA:0,(anonymous_45)
FNDA:0,(anonymous_46)
FNDA:0,(anonymous_47)
FNDA:0,(anonymous_48)
FNDA:0,(anonymous_49)
FNDA:0,(anonymous_50)
FNDA:0,(anonymous_51)
FNDA:0,(anonymous_52)
FNDA:0,(anonymous_53)
DA:29,0
DA:30,0
DA:33,0
DA:37,0
DA:38,0
DA:40,0
DA:45,0
DA:46,0
DA:47,0
DA:48,0
DA:49,0
DA:50,0
DA:51,0
DA:56,0
DA:58,0
DA:59,0
DA:60,0
DA:63,0
DA:64,0
DA:67,0
DA:68,0
DA:69,0
DA:73,0
DA:74,0
DA:78,0
DA:79,0
DA:80,0
DA:84,0
DA:85,0
DA:86,0
DA:89,0
DA:100,0
DA:109,0
DA:126,0
DA:128,0
DA:129,0
DA:130,0
DA:133,0
DA:134,0
DA:135,0
DA:136,0
DA:137,0
DA:141,0
DA:142,0
DA:143,0
DA:144,0
DA:145,0
DA:149,0
DA:150,0
DA:151,0
DA:152,0
DA:153,0
DA:157,0
DA:158,0
DA:159,0
DA:160,0
DA:163,0
DA:170,0
DA:179,0
DA:186,0
DA:191,0
DA:198,0
DA:203,0
DA:210,0
DA:215,0
DA:222,0
DA:227,0
DA:229,0
DA:230,0
DA:231,0
DA:234,0
DA:235,0
DA:236,0
DA:240,0
DA:241,0
DA:242,0
DA:245,0
DA:246,0
DA:247,0
DA:250,0
DA:251,0
DA:252,0
DA:255,0
DA:256,0
DA:257,0
DA:260,0
DA:267,0
DA:275,0
DA:284,0
DA:288,0
DA:297,0
DA:301,0
DA:310,0
DA:320,0
DA:322,0
DA:323,0
DA:324,0
DA:327,0
DA:333,0
DA:346,0
DA:347,0
DA:349,0
DA:350,0
DA:351,0
DA:354,0
DA:355,0
DA:356,0
DA:359,0
DA:360,0
DA:362,0
DA:363,0
DA:366,0
DA:371,0
DA:374,0
DA:377,0
DA:380,0
DA:384,0
DA:385,0
DA:387,0
DA:388,0
DA:389,0
DA:394,0
DA:395,0
DA:396,0
DA:401,0
DA:402,0
DA:403,0
DA:404,0
DA:405,0
DA:406,0
DA:411,0
DA:417,0
DA:418,0
DA:420,0
DA:421,0
DA:422,0
DA:423,0
DA:424,0
DA:429,0
DA:431,0
DA:437,0
DA:438,0
DA:440,0
DA:441,0
DA:442,0
DA:443,0
DA:448,0
DA:454,0
DA:458,0
DA:462,0
DA:463,0
DA:464,0
DA:466,0
DA:469,0
DA:470,0
DA:471,0
DA:473,0
DA:477,0
DA:478,0
DA:479,0
DA:481,0
DA:483,0
DA:484,0
DA:485,0
DA:487,0
DA:495,0
DA:496,0
DA:498,0
DA:499,0
DA:500,0
DA:502,0
DA:503,0
DA:504,0
DA:505,0
DA:508,0
DA:519,0
DA:520,0
DA:521,0
DA:532,0
DA:533,0
DA:534,0
DA:535,0
DA:536,0
DA:542,0
DA:543,0
DA:545,0
DA:546,0
DA:547,0
DA:549,0
DA:553,0
DA:556,0
DA:559,0
DA:564,0
DA:565,0
DA:566,0
DA:569,0
DA:570,0
DA:573,0
DA:574,0
DA:577,0
DA:578,0
DA:582,0
DA:583,0
DA:586,0
DA:587,0
DA:590,0
DA:595,0
LF:207
LH:0
BRDA:37,0,0,0
BRDA:37,0,1,0
BRDA:64,1,0,0
BRDA:64,1,1,0
BRDA:67,2,0,0
BRDA:67,2,1,0
BRDA:73,3,0,0
BRDA:73,3,1,0
BRDA:78,4,0,0
BRDA:78,4,1,0
BRDA:84,5,0,0
BRDA:84,5,1,0
BRDA:102,6,0,0
BRDA:102,6,1,0
BRDA:133,7,0,0
BRDA:133,7,1,0
BRDA:141,8,0,0
BRDA:141,8,1,0
BRDA:149,9,0,0
BRDA:149,9,1,0
BRDA:157,10,0,0
BRDA:157,10,1,0
BRDA:172,11,0,0
BRDA:172,11,1,0
BRDA:234,12,0,0
BRDA:234,12,1,0
BRDA:234,13,0,0
BRDA:234,13,1,0
BRDA:255,14,0,0
BRDA:255,14,1,0
BRDA:269,15,0,0
BRDA:269,15,1,0
BRDA:349,16,0,0
BRDA:349,16,1,0
BRDA:354,17,0,0
BRDA:354,17,1,0
BRDA:359,18,0,0
BRDA:359,18,1,0
BRDA:359,19,0,0
BRDA:359,19,1,0
BRDA:366,20,0,0
BRDA:366,20,1,0
BRDA:384,21,0,0
BRDA:384,21,1,0
BRDA:384,22,0,0
BRDA:384,22,1,0
BRDA:404,23,0,0
BRDA:404,23,1,0
BRDA:417,24,0,0
BRDA:417,24,1,0
BRDA:417,25,0,0
BRDA:417,25,1,0
BRDA:423,26,0,0
BRDA:423,26,1,0
BRDA:437,27,0,0
BRDA:437,27,1,0
BRDA:437,28,0,0
BRDA:437,28,1,0
BRDA:442,29,0,0
BRDA:442,29,1,0
BRDA:499,30,0,0
BRDA:499,30,1,0
BRDA:500,31,0,0
BRDA:500,31,1,0
BRDA:533,32,0,0
BRDA:533,32,1,0
BRDA:569,33,0,0
BRDA:569,33,1,0
BRDA:573,34,0,0
BRDA:573,34,1,0
BRDA:577,35,0,0
BRDA:577,35,1,0
BRDA:582,36,0,0
BRDA:582,36,1,0
BRDA:582,37,0,0
BRDA:582,37,1,0
BRDA:586,38,0,0
BRDA:586,38,1,0
BRDA:586,39,0,0
BRDA:586,39,1,0
BRF:80
BRH:0
end_of_record
TN:
SF:src/utils/preload.ts
FN:6,(anonymous_0)
FN:7,(anonymous_1)
FN:8,(anonymous_2)
FN:9,(anonymous_3)
FN:10,(anonymous_4)
FN:13,(anonymous_5)
FN:19,(anonymous_6)
FN:27,(anonymous_7)
FN:32,(anonymous_8)
FN:38,(anonymous_9)
FN:47,(anonymous_10)
FN:50,(anonymous_11)
FNF:12
FNH:0
FNDA:0,(anonymous_0)
FNDA:0,(anonymous_1)
FNDA:0,(anonymous_2)
FNDA:0,(anonymous_3)
FNDA:0,(anonymous_4)
FNDA:0,(anonymous_5)
FNDA:0,(anonymous_6)
FNDA:0,(anonymous_7)
FNDA:0,(anonymous_8)
FNDA:0,(anonymous_9)
FNDA:0,(anonymous_10)
FNDA:0,(anonymous_11)
DA:6,0
DA:7,0
DA:8,0
DA:9,0
DA:10,0
DA:13,0
DA:19,0
DA:27,0
DA:29,0
DA:32,0
DA:33,0
DA:34,0
DA:38,0
DA:39,0
DA:40,0
DA:47,0
DA:48,0
DA:50,0
DA:51,0
DA:52,0
DA:53,0
LF:21
LH:0
BRDA:51,0,0,0
BRDA:51,0,1,0
BRF:2
BRH:0
end_of_record
TN:
SF:src/utils/serviceWorker.ts
FN:16,registerServiceWorker
FN:26,(anonymous_1)
FN:29,(anonymous_2)
FN:52,unregisterServiceWorker
FN:70,isOffline
FN:77,setupOfflineListener
FN:81,(anonymous_6)
FN:86,(anonymous_7)
FN:95,(anonymous_8)
FN:104,notifyUserOfUpdate
FN:114,skipWaitingAndActivate
FN:126,clearAllCaches
FN:130,(anonymous_12)
FN:139,getCacheStorageUsage
FN:159,registerBackgroundSync
FN:174,initializeServiceWorker
FN:181,(anonymous_16)
FN:185,(anonymous_17)
FNF:18
FNH:0
FNDA:0,registerServiceWorker
FNDA:0,(anonymous_1)
FNDA:0,(anonymous_2)
FNDA:0,unregisterServiceWorker
FNDA:0,isOffline
FNDA:0,setupOfflineListener
FNDA:0,(anonymous_6)
FNDA:0,(anonymous_7)
FNDA:0,(anonymous_8)
FNDA:0,notifyUserOfUpdate
FNDA:0,skipWaitingAndActivate
FNDA:0,clearAllCaches
FNDA:0,(anonymous_12)
FNDA:0,getCacheStorageUsage
FNDA:0,registerBackgroundSync
FNDA:0,initializeServiceWorker
FNDA:0,(anonymous_16)
FNDA:0,(anonymous_17)
DA:5,0
DA:17,0
DA:18,0
DA:19,0
DA:23,0
DA:26,0
DA:27,0
DA:28,0
DA:29,0
DA:30,0
DA:32,0
DA:38,0
DA:40,0
DA:41,0
DA:45,0
DA:46,0
DA:53,0
DA:54,0
DA:55,0
DA:56,0
DA:57,0
DA:58,0
DA:60,0
DA:61,0
DA:64,0
DA:71,0
DA:81,0
DA:82,0
DA:83,0
DA:86,0
DA:87,0
DA:88,0
DA:91,0
DA:92,0
DA:95,0
DA:96,0
DA:97,0
DA:106,0
DA:107,0
DA:115,0
DA:116,0
DA:117,0
DA:118,0
DA:127,0
DA:128,0
DA:129,0
DA:130,0
DA:132,0
DA:144,0
DA:145,0
DA:146,0
DA:147,0
DA:148,0
DA:150,0
DA:153,0
DA:160,0
DA:161,0
DA:162,0
DA:163,0
DA:164,0
DA:166,0
DA:176,0
DA:178,0
DA:180,0
DA:183,0
DA:187,0
DA:192,0
DA:193,0
DA:194,0
LF:69
LH:0
BRDA:6,0,0,0
BRDA:6,0,1,0
BRDA:6,0,2,0
BRDA:17,1,0,0
BRDA:17,1,1,0
BRDA:28,2,0,0
BRDA:28,2,1,0
BRDA:30,3,0,0
BRDA:30,3,1,0
BRDA:30,4,0,0
BRDA:30,4,1,0
BRDA:53,5,0,0
BRDA:53,5,1,0
BRDA:106,6,0,0
BRDA:106,6,1,0
BRDA:115,7,0,0
BRDA:115,7,1,0
BRDA:117,8,0,0
BRDA:117,8,1,0
BRDA:127,9,0,0
BRDA:127,9,1,0
BRDA:144,10,0,0
BRDA:144,10,1,0
BRDA:144,11,0,0
BRDA:144,11,1,0
BRDA:146,12,0,0
BRDA:146,12,1,0
BRDA:147,13,0,0
BRDA:147,13,1,0
BRDA:148,14,0,0
BRDA:148,14,1,0
BRDA:160,15,0,0
BRDA:160,15,1,0
BRDA:160,16,0,0
BRDA:160,16,1,0
BRDA:178,17,0,0
BRDA:178,17,1,0
BRDA:192,18,0,0
BRDA:192,18,1,0
BRF:39
BRH:0
end_of_record
TN:
SF:src/utils/svgOptimization.tsx
FN:21,optimizeSVG
FN:60,(anonymous_1)
FN:71,(anonymous_2)
FN:97,OptimizedSVGIcon
FN:154,(anonymous_4)
FN:163,(anonymous_5)
FN:170,(anonymous_6)
FN:182,(anonymous_7)
FN:205,(anonymous_8)
FN:230,useSVGSprite
FN:231,(anonymous_10)
FN:238,(anonymous_11)
FN:247,preloadSVGIcons
FN:248,(anonymous_13)
FN:264,optimizeLucideIcon
FN:265,(anonymous_15)
FNF:16
FNH:0
FNDA:0,optimizeSVG
FNDA:0,(anonymous_1)
FNDA:0,(anonymous_2)
FNDA:0,OptimizedSVGIcon
FNDA:0,(anonymous_4)
FNDA:0,(anonymous_5)
FNDA:0,(anonymous_6)
FNDA:0,(anonymous_7)
FNDA:0,(anonymous_8)
FNDA:0,useSVGSprite
FNDA:0,(anonymous_10)
FNDA:0,(anonymous_11)
FNDA:0,preloadSVGIcons
FNDA:0,(anonymous_13)
FNDA:0,optimizeLucideIcon
FNDA:0,(anonymous_15)
DA:30,0
DA:32,0
DA:35,0
DA:36,0
DA:40,0
DA:41,0
DA:42,0
DA:43,0
DA:47,0
DA:48,0
DA:52,0
DA:53,0
DA:54,0
DA:55,0
DA:59,0
DA:60,0
DA:61,0
DA:65,0
DA:70,0
DA:71,0
DA:72,0
DA:77,0
DA:79,0
DA:106,0
DA:109,0
DA:110,0
DA:113,0
DA:114,0
DA:117,0
DA:118,0
DA:119,0
DA:121,0
DA:123,0
DA:148,0
DA:149,0
DA:155,0
DA:156,0
DA:157,0
DA:164,0
DA:171,0
DA:172,0
DA:173,0
DA:174,0
DA:175,0
DA:179,0
DA:182,0
DA:183,0
DA:184,0
DA:187,0
DA:188,0
DA:189,0
DA:193,0
DA:194,0
DA:195,0
DA:198,0
DA:206,0
DA:207,0
DA:209,0
DA:225,0
DA:231,0
DA:232,0
DA:233,0
DA:237,0
DA:239,0
DA:248,0
DA:249,0
DA:250,0
DA:251,0
DA:252,0
DA:254,0
DA:258,0
DA:265,0
DA:266,0
DA:268,0
LF:74
LH:0
BRDA:21,0,0,0
BRDA:23,1,0,0
BRDA:24,2,0,0
BRDA:25,3,0,0
BRDA:26,4,0,0
BRDA:27,5,0,0
BRDA:28,6,0,0
BRDA:29,7,0,0
BRDA:35,8,0,0
BRDA:35,8,1,0
BRDA:40,9,0,0
BRDA:40,9,1,0
BRDA:47,10,0,0
BRDA:47,10,1,0
BRDA:52,11,0,0
BRDA:52,11,1,0
BRDA:59,12,0,0
BRDA:59,12,1,0
BRDA:70,13,0,0
BRDA:70,13,1,0
BRDA:99,14,0,0
BRDA:100,15,0,0
BRDA:103,16,0,0
BRDA:110,17,0,0
BRDA:110,17,1,0
BRDA:114,18,0,0
BRDA:114,18,1,0
BRDA:121,19,0,0
BRDA:121,19,1,0
BRDA:130,20,0,0
BRDA:130,20,1,0
BRDA:133,21,0,0
BRDA:133,21,1,0
BRDA:136,22,0,0
BRDA:136,22,1,0
BRDA:137,23,0,0
BRDA:137,23,1,0
BRDA:138,24,0,0
BRDA:138,24,1,0
BRDA:171,25,0,0
BRDA:171,25,1,0
BRDA:188,26,0,0
BRDA:188,26,1,0
BRDA:194,27,0,0
BRDA:194,27,1,0
BRDA:206,28,0,0
BRDA:206,29,0,0
BRDA:206,30,0,0
BRDA:207,31,0,0
BRDA:207,31,1,0
BRDA:215,32,0,0
BRDA:215,32,1,0
BRDA:217,33,0,0
BRDA:217,33,1,0
BRDA:232,34,0,0
BRDA:232,34,1,0
BRDA:232,35,0,0
BRDA:232,35,1,0
BRDA:266,36,0,0
BRDA:266,37,0,0
BRF:60
BRH:0
end_of_record
TN:
SF:src/utils/uiConsistencyAudit.ts
FN:49,(anonymous_0)
FN:56,(anonymous_1)
FN:77,(anonymous_2)
FN:80,(anonymous_3)
FN:96,(anonymous_4)
FN:101,(anonymous_5)
FN:124,(anonymous_6)
FN:127,(anonymous_7)
FN:145,(anonymous_8)
FN:148,(anonymous_9)
FN:152,(anonymous_10)
FN:156,(anonymous_11)
FN:174,(anonymous_12)
FN:177,(anonymous_13)
FN:183,(anonymous_14)
FN:197,(anonymous_15)
FN:214,(anonymous_16)
FN:228,(anonymous_17)
FN:231,(anonymous_18)
FN:235,(anonymous_19)
FN:247,(anonymous_20)
FN:261,(anonymous_21)
FN:281,(anonymous_22)
FN:284,(anonymous_23)
FN:288,(anonymous_24)
FN:300,(anonymous_25)
FN:317,(anonymous_26)
FN:320,(anonymous_27)
FN:337,(anonymous_28)
FN:354,(anonymous_29)
FN:358,(anonymous_30)
FN:360,(anonymous_31)
FN:378,(anonymous_32)
FN:380,(anonymous_33)
FN:398,(anonymous_34)
FN:402,(anonymous_35)
FN:422,(anonymous_36)
FN:424,(anonymous_37)
FN:444,(anonymous_38)
FN:447,(anonymous_39)
FN:451,(anonymous_40)
FN:483,(anonymous_41)
FN:486,(anonymous_42)
FN:490,(anonymous_43)
FN:522,(anonymous_44)
FN:526,(anonymous_45)
FN:528,(anonymous_46)
FN:546,(anonymous_47)
FN:549,(anonymous_48)
FN:553,(anonymous_49)
FN:573,(anonymous_50)
FN:576,(anonymous_51)
FN:603,(anonymous_52)
FN:607,(anonymous_53)
FN:615,(anonymous_54)
FN:618,(anonymous_55)
FN:619,(anonymous_56)
FN:621,(anonymous_57)
FN:622,(anonymous_58)
FN:623,(anonymous_59)
FN:627,(anonymous_60)
FN:628,(anonymous_61)
FN:634,(anonymous_62)
FN:635,(anonymous_63)
FN:639,(anonymous_64)
FN:640,(anonymous_65)
FN:648,(anonymous_66)
FN:649,(anonymous_67)
FN:650,(anonymous_68)
FN:651,(anonymous_69)
FN:675,(anonymous_70)
FN:678,(anonymous_71)
FN:680,(anonymous_72)
FN:681,(anonymous_73)
FN:682,(anonymous_74)
FN:683,(anonymous_75)
FN:694,(anonymous_76)
FN:698,(anonymous_77)
FN:709,auditUIConsistency
FN:717,logAuditReport
FN:728,(anonymous_80)
FN:729,(anonymous_81)
FN:730,(anonymous_82)
FN:733,(anonymous_83)
FN:751,(anonymous_84)
FNF:85
FNH:0
FNDA:0,(anonymous_0)
FNDA:0,(anonymous_1)
FNDA:0,(anonymous_2)
FNDA:0,(anonymous_3)
FNDA:0,(anonymous_4)
FNDA:0,(anonymous_5)
FNDA:0,(anonymous_6)
FNDA:0,(anonymous_7)
FNDA:0,(anonymous_8)
FNDA:0,(anonymous_9)
FNDA:0,(anonymous_10)
FNDA:0,(anonymous_11)
FNDA:0,(anonymous_12)
FNDA:0,(anonymous_13)
FNDA:0,(anonymous_14)
FNDA:0,(anonymous_15)
FNDA:0,(anonymous_16)
FNDA:0,(anonymous_17)
FNDA:0,(anonymous_18)
FNDA:0,(anonymous_19)
FNDA:0,(anonymous_20)
FNDA:0,(anonymous_21)
FNDA:0,(anonymous_22)
FNDA:0,(anonymous_23)
FNDA:0,(anonymous_24)
FNDA:0,(anonymous_25)
FNDA:0,(anonymous_26)
FNDA:0,(anonymous_27)
FNDA:0,(anonymous_28)
FNDA:0,(anonymous_29)
FNDA:0,(anonymous_30)
FNDA:0,(anonymous_31)
FNDA:0,(anonymous_32)
FNDA:0,(anonymous_33)
FNDA:0,(anonymous_34)
FNDA:0,(anonymous_35)
FNDA:0,(anonymous_36)
FNDA:0,(anonymous_37)
FNDA:0,(anonymous_38)
FNDA:0,(anonymous_39)
FNDA:0,(anonymous_40)
FNDA:0,(anonymous_41)
FNDA:0,(anonymous_42)
FNDA:0,(anonymous_43)
FNDA:0,(anonymous_44)
FNDA:0,(anonymous_45)
FNDA:0,(anonymous_46)
FNDA:0,(anonymous_47)
FNDA:0,(anonymous_48)
FNDA:0,(anonymous_49)
FNDA:0,(anonymous_50)
FNDA:0,(anonymous_51)
FNDA:0,(anonymous_52)
FNDA:0,(anonymous_53)
FNDA:0,(anonymous_54)
FNDA:0,(anonymous_55)
FNDA:0,(anonymous_56)
FNDA:0,(anonymous_57)
FNDA:0,(anonymous_58)
FNDA:0,(anonymous_59)
FNDA:0,(anonymous_60)
FNDA:0,(anonymous_61)
FNDA:0,(anonymous_62)
FNDA:0,(anonymous_63)
FNDA:0,(anonymous_64)
FNDA:0,(anonymous_65)
FNDA:0,(anonymous_66)
FNDA:0,(anonymous_67)
FNDA:0,(anonymous_68)
FNDA:0,(anonymous_69)
FNDA:0,(anonymous_70)
FNDA:0,(anonymous_71)
FNDA:0,(anonymous_72)
FNDA:0,(anonymous_73)
FNDA:0,(anonymous_74)
FNDA:0,(anonymous_75)
FNDA:0,(anonymous_76)
FNDA:0,(anonymous_77)
FNDA:0,auditUIConsistency
FNDA:0,logAuditReport
FNDA:0,(anonymous_80)
FNDA:0,(anonymous_81)
FNDA:0,(anonymous_82)
FNDA:0,(anonymous_83)
FNDA:0,(anonymous_84)
DA:46,0
DA:50,0
DA:57,0
DA:60,0
DA:61,0
DA:62,0
DA:63,0
DA:64,0
DA:65,0
DA:66,0
DA:67,0
DA:68,0
DA:69,0
DA:71,0
DA:79,0
DA:80,0
DA:81,0
DA:82,0
DA:83,0
DA:95,0
DA:96,0
DA:97,0
DA:98,0
DA:101,0
DA:102,0
DA:105,0
DA:106,0
DA:118,0
DA:125,0
DA:127,0
DA:128,0
DA:139,0
DA:146,0
DA:148,0
DA:149,0
DA:152,0
DA:153,0
DA:156,0
DA:157,0
DA:158,0
DA:175,0
DA:177,0
DA:178,0
DA:179,0
DA:182,0
DA:183,0
DA:184,0
DA:185,0
DA:197,0
DA:198,0
DA:199,0
DA:216,0
DA:219,0
DA:222,0
DA:229,0
DA:231,0
DA:232,0
DA:235,0
DA:236,0
DA:247,0
DA:248,0
DA:249,0
DA:260,0
DA:261,0
DA:262,0
DA:264,0
DA:265,0
DA:282,0
DA:284,0
DA:285,0
DA:288,0
DA:289,0
DA:300,0
DA:301,0
DA:302,0
DA:318,0
DA:320,0
DA:321,0
DA:324,0
DA:325,0
DA:326,0
DA:337,0
DA:338,0
DA:339,0
DA:356,0
DA:358,0
DA:359,0
DA:360,0
DA:361,0
DA:364,0
DA:365,0
DA:377,0
DA:378,0
DA:379,0
DA:380,0
DA:382,0
DA:383,0
DA:400,0
DA:402,0
DA:403,0
DA:407,0
DA:408,0
DA:420,0
DA:422,0
DA:423,0
DA:424,0
DA:425,0
DA:428,0
DA:429,0
DA:445,0
DA:447,0
DA:448,0
DA:451,0
DA:452,0
DA:455,0
DA:456,0
DA:467,0
DA:468,0
DA:484,0
DA:486,0
DA:487,0
DA:490,0
DA:491,0
DA:494,0
DA:495,0
DA:506,0
DA:507,0
DA:524,0
DA:526,0
DA:527,0
DA:528,0
DA:530,0
DA:531,0
DA:547,0
DA:549,0
DA:550,0
DA:553,0
DA:554,0
DA:557,0
DA:558,0
DA:574,0
DA:576,0
DA:577,0
DA:578,0
DA:580,0
DA:581,0
DA:582,0
DA:583,0
DA:584,0
DA:586,0
DA:587,0
DA:604,0
DA:608,0
DA:615,0
DA:619,0
DA:620,0
DA:621,0
DA:622,0
DA:623,0
DA:624,0
DA:628,0
DA:629,0
DA:630,0
DA:634,0
DA:635,0
DA:638,0
DA:639,0
DA:640,0
DA:642,0
DA:645,0
DA:649,0
DA:650,0
DA:651,0
DA:652,0
DA:655,0
DA:656,0
DA:657,0
DA:658,0
DA:660,0
DA:662,0
DA:676,0
DA:678,0
DA:680,0
DA:681,0
DA:682,0
DA:683,0
DA:685,0
DA:686,0
DA:688,0
DA:689,0
DA:694,0
DA:695,0
DA:698,0
DA:699,0
DA:702,0
DA:710,0
DA:711,0
DA:718,0
DA:721,0
DA:722,0
DA:723,0
DA:724,0
DA:725,0
DA:728,0
DA:729,0
DA:730,0
DA:731,0
DA:733,0
DA:734,0
DA:736,0
DA:737,0
DA:738,0
DA:740,0
DA:741,0
DA:745,0
DA:749,0
DA:750,0
DA:751,0
DA:752,0
DA:755,0
LF:220
LH:0
BRDA:49,0,0,0
BRDA:82,1,0,0
BRDA:82,1,1,0
BRDA:82,2,0,0
BRDA:82,2,1,0
BRDA:105,3,0,0
BRDA:105,3,1,0
BRDA:153,4,0,0
BRDA:153,4,1,0
BRDA:153,4,2,0
BRDA:157,5,0,0
BRDA:157,5,1,0
BRDA:182,6,0,0
BRDA:182,6,1,0
BRDA:184,7,0,0
BRDA:184,7,1,0
BRDA:198,8,0,0
BRDA:198,8,1,0
BRDA:235,9,0,0
BRDA:235,9,1,0
BRDA:235,10,0,0
BRDA:235,10,1,0
BRDA:248,11,0,0
BRDA:248,11,1,0
BRDA:260,12,0,0
BRDA:260,12,1,0
BRDA:262,13,0,0
BRDA:262,13,1,0
BRDA:264,14,0,0
BRDA:264,14,1,0
BRDA:288,15,0,0
BRDA:288,15,1,0
BRDA:301,16,0,0
BRDA:301,16,1,0
BRDA:324,17,0,0
BRDA:324,17,1,0
BRDA:325,18,0,0
BRDA:325,18,1,0
BRDA:338,19,0,0
BRDA:338,19,1,0
BRDA:361,20,0,0
BRDA:361,20,1,0
BRDA:364,21,0,0
BRDA:364,21,1,0
BRDA:382,22,0,0
BRDA:382,22,1,0
BRDA:403,23,0,0
BRDA:403,23,1,0
BRDA:403,23,2,0
BRDA:407,24,0,0
BRDA:407,24,1,0
BRDA:425,25,0,0
BRDA:425,25,1,0
BRDA:428,26,0,0
BRDA:428,26,1,0
BRDA:452,27,0,0
BRDA:452,27,1,0
BRDA:455,28,0,0
BRDA:455,28,1,0
BRDA:467,29,0,0
BRDA:467,29,1,0
BRDA:491,30,0,0
BRDA:491,30,1,0
BRDA:494,31,0,0
BRDA:494,31,1,0
BRDA:506,32,0,0
BRDA:506,32,1,0
BRDA:506,33,0,0
BRDA:506,33,1,0
BRDA:530,34,0,0
BRDA:530,34,1,0
BRDA:530,35,0,0
BRDA:530,35,1,0
BRDA:557,36,0,0
BRDA:557,36,1,0
BRDA:580,37,0,0
BRDA:580,37,1,0
BRDA:586,38,0,0
BRDA:586,38,1,0
BRDA:586,39,0,0
BRDA:586,39,1,0
BRDA:619,40,0,0
BRDA:619,40,1,0
BRDA:620,41,0,0
BRDA:620,41,1,0
BRDA:621,42,0,0
BRDA:621,42,1,0
BRDA:622,43,0,0
BRDA:622,43,1,0
BRDA:623,44,0,0
BRDA:623,44,1,0
BRDA:629,45,0,0
BRDA:629,45,1,0
BRDA:630,46,0,0
BRDA:630,46,1,0
BRDA:638,47,0,0
BRDA:638,47,1,0
BRDA:642,48,0,0
BRDA:642,48,1,0
BRDA:685,49,0,0
BRDA:685,49,1,0
BRDA:688,50,0,0
BRDA:688,50,1,0
BRDA:694,51,0,0
BRDA:694,51,1,0
BRDA:698,52,0,0
BRDA:698,52,1,0
BRDA:734,53,0,0
BRDA:734,53,1,0
BRDA:735,54,0,0
BRDA:735,54,1,0
BRDA:737,55,0,0
BRDA:737,55,1,0
BRDA:740,56,0,0
BRDA:740,56,1,0
BRDA:749,57,0,0
BRDA:749,57,1,0
BRF:117
BRH:0
end_of_record
